[Licensing::Module] Trying to connect to existing licensing client channel...
Built from '6000.3/staging' branch; Version is '6000.3.3f1 (ef04196de0d6) revision 15664153'; Using compiler version '194234433'; Build Type 'Release'
OS: 'Windows 11  (10.0.26100) 64bit Core' Language: 'en' Physical Memory: 16125 MB
[Licensing::IpcConnector] Successfully connected to: "LicenseClient-PC" at "2026-01-30T15:14:39.3678241Z"
BatchMode: 1, IsHumanControllingUs: 0, StartBugReporterOnCrash: 0, Is64bit: 1
Date: 2026-01-30T15:14:39Z

COMMAND LINE ARGUMENTS:
C:\Program Files\Unity\Hub\Editor\6000.3.3f1\Editor\Unity.exe
-adb2
-batchMode
-noUpm
-name
AssetImportWorker0
-projectPath
C:/repos/GGJ2026/GGJ2026
-logFile
Logs/AssetImportWorker0.log
-srvPort
62415
-job-worker-count
5
-background-job-worker-count
8
-gc-helper-count
1
-name
AssetImport
Successfully changed project path to: C:/repos/GGJ2026/GGJ2026
C:/repos/GGJ2026/GGJ2026
[UnityMemory] Configuration Parameters - Can be set up in boot.config
    "memorysetup-temp-allocator-size-nav-mesh-worker=65536"
    "memorysetup-temp-allocator-size-audio-worker=65536"
    "memorysetup-temp-allocator-size-gfx=262144"
    "memorysetup-allocator-temp-initial-block-size-main=262144"
    "memorysetup-allocator-temp-initial-block-size-worker=262144"
    "memorysetup-temp-allocator-size-background-worker=32768"
    "memorysetup-temp-allocator-size-job-worker=262144"
    "memorysetup-temp-allocator-size-preload-manager=33554432"
    "memorysetup-temp-allocator-size-gi-baking-worker=262144"
    "memorysetup-temp-allocator-size-gi-baking-worker=262144"
    "memorysetup-temp-allocator-size-gi-baking-worker=262144"
    "memorysetup-temp-allocator-size-gi-baking-worker=262144"
    "memorysetup-temp-allocator-size-gi-baking-worker=262144"
    "memorysetup-bucket-allocator-granularity=16"
    "memorysetup-bucket-allocator-bucket-count=8"
    "memorysetup-bucket-allocator-block-size=33554432"
    "memorysetup-bucket-allocator-block-count=8"
    "memorysetup-main-allocator-block-size=16777216"
    "memorysetup-thread-allocator-block-size=16777216"
    "memorysetup-gfx-main-allocator-block-size=16777216"
    "memorysetup-gfx-thread-allocator-block-size=16777216"
    "memorysetup-cache-allocator-block-size=4194304"
    "memorysetup-typetree-allocator-block-size=2097152"
    "memorysetup-profiler-bucket-allocator-granularity=16"
    "memorysetup-profiler-bucket-allocator-bucket-count=8"
    "memorysetup-profiler-bucket-allocator-block-size=33554432"
    "memorysetup-profiler-bucket-allocator-block-count=8"
    "memorysetup-profiler-allocator-block-size=16777216"
    "memorysetup-profiler-editor-allocator-block-size=1048576"
    "memorysetup-temp-allocator-size-main=16777216"
    "memorysetup-job-temp-allocator-block-size=2097152"
    "memorysetup-job-temp-allocator-block-size-background=1048576"
    "memorysetup-job-temp-allocator-reduction-small-platforms=262144"
    "memorysetup-temp-allocator-size-cloud-worker=32768"
Player connection [20864]  Target information:

Player connection [20864]  * "[IP] 26.106.143.127 [Port] 0 [Flags] 2 [Guid] 2077548364 [EditorId] 2077548364 [Version] 1048832 [Id] WindowsEditor(7,DESKTOP-CUTI0NB) [Debug] 1 [PackageName] WindowsEditor [ProjectName] Editor" 

Player connection [20864]  * "[IP] 10.30.8.113 [Port] 0 [Flags] 2 [Guid] 2077548364 [EditorId] 2077548364 [Version] 1048832 [Id] WindowsEditor(7,DESKTOP-CUTI0NB) [Debug] 1 [PackageName] WindowsEditor [ProjectName] Editor" 

Player connection [20864] Host joined multi-casting on [225.0.0.222:54997]...
Player connection [20864] Host joined alternative multi-casting on [225.0.0.222:34997]...
JobSystem: Creating JobQueue using job-worker-count value 5
Input System module state changed to: Initialized.
[Physics::Module] Initialized fallback backend.
[Physics::Module] Id: 0xdecafbad
Library Redirect Path: Library/
[Physics::Module] Selected backend.
[Physics::Module] Name: PhysX
[Physics::Module] Id: 0xf2b8ea05
[Physics::Module] SDK Version: 4.1.2
[Physics::Module] Integration Version: 1.0.0
[Physics::Module] Threading Mode: Multi-Threaded
Refreshing native plugins compatible for Editor in 11.77 ms, found 4 plugins.
Preloading 0 native plugins for Editor in 0.00 ms.
Initialize engine version: 6000.3.3f1 (ef04196de0d6)
[Subsystems] Discovering subsystems at path C:/Program Files/Unity/Hub/Editor/6000.3.3f1/Editor/Data/Resources/UnitySubsystems
[Subsystems] Discovering subsystems at path C:/repos/GGJ2026/GGJ2026/Assets
GfxDevice: creating device client; kGfxThreadingModeNonThreaded
Direct3D:
    Version:  Direct3D 11.0 [level 11.1]
    Renderer: NVIDIA GeForce GTX 1650 (ID=0x1f0a)
    Vendor:   NVIDIA
    VRAM:     3935 MB
    Driver:   32.0.15.8157
Initialize mono
Mono path[0] = 'C:/Program Files/Unity/Hub/Editor/6000.3.3f1/Editor/Data/Managed'
Mono path[1] = 'C:/Program Files/Unity/Hub/Editor/6000.3.3f1/Editor/Data/MonoBleedingEdge/lib/mono/unityjit-win32'
Mono config path = 'C:/Program Files/Unity/Hub/Editor/6000.3.3f1/Editor/Data/MonoBleedingEdge/etc'
Using monoOptions --debugger-agent=transport=dt_socket,embedding=1,server=y,suspend=n,address=127.0.0.1:56396
Begin MonoManager ReloadAssembly
Registering precompiled unity dll's ...
Register platform support module: C:/Program Files/Unity/Hub/Editor/6000.3.3f1/Editor/Data/PlaybackEngines/WebGLSupport/UnityEditor.WebGL.Extensions.dll
Register platform support module: C:/Program Files/Unity/Hub/Editor/6000.3.3f1/Editor/Data/PlaybackEngines/WindowsStandaloneSupport/UnityEditor.WindowsStandalone.Extensions.dll
[Licensing::Module] Licensing is not yet initialized.
[Licensing::Client] Error: HandshakeResponse reported an error:
	ResponseCode: 505
	ResponseStatus: Unsupported protocol version '1.17.4'.
[Licensing::Module] Error: Failed to handshake to channel: "LicenseClient-PC"
[Licensing::IpcConnector] LicenseClient-PC channel disconnected successfully.
[Licensing::IpcConnector] Successfully connected to: "LicenseClient-PC-6000.3.3" at "2026-01-30T15:14:41.8127648Z"
[Licensing::Client] Handshaking with LicensingClient:
  Version:                 1.17.4+4293ba1
  Session Id:              98ac17e4965f43d28fc7a76f15ee0aa3
  Correlation Id:          a144e784f2a5ea36456c5e4b6c3588d2
  External correlation Id: 8094527667507971947
  Machine Id:              HDAllRFm983F7lSmkNyk3kVc0ZI=
[Licensing::Module] Successfully connected to LicensingClient on channel: "LicenseClient-PC-6000.3.3" (connect: 0.01s, validation: 0.00s, handshake: 2.18s)
[Licensing::IpcConnector] Successfully connected to: "LicenseClient-PC-6000.3.3-notifications" at "2026-01-30T15:14:43.9959871Z"
[Licensing::Module] Licensing Background thread has ended after 4.63s
[Licensing::Module] Licensing is initialized (took 3.47s).
[Licensing::Client] Successfully resolved entitlement details
[Licensing::Module] License group:
  Id: 18967509904522-UnityPersXXXX
  Product: Unity Personal
  Type: Assigned
  Expiration: Unlimited
Register platform support module: C:/Program Files/Unity/Hub/Editor/6000.3.3f1/Editor/Data/PlaybackEngines/MetroSupport/UnityEditor.UWP.Extensions.dll
[Licensing::Client] Successfully resolved entitlement details
Register platform support module: C:/Program Files/Unity/Hub/Editor/6000.3.3f1/Editor/Data/PlaybackEngines/AndroidPlayer/UnityEditor.Android.Extensions.dll
Registered in 3.473145 seconds.
- Loaded All Assemblies, in  4.031 seconds
Native extension for Android target not found
Android Extension - Scanning For ADB Devices 245 ms
Native extension for UWP target not found
Native extension for WindowsStandalone target not found
Native extension for WebGL target not found
Mono: successfully reloaded assembly
- Finished resetting the current domain, in  0.876 seconds
Domain Reload Profiling: 4905ms
	BeginReloadAssembly (237ms)
		ExecutionOrderSort (0ms)
		DisableScriptedObjects (0ms)
		BackupInstance (0ms)
		ReleaseScriptingObjects (0ms)
		CreateAndSetChildDomain (1ms)
	RebuildCommonClasses (38ms)
	RebuildNativeTypeToScriptingClass (13ms)
	initialDomainReloadingComplete (3524ms)
	LoadAllAssembliesAndSetupDomain (217ms)
		LoadAssemblies (236ms)
		RebuildTransferFunctionScriptingTraits (0ms)
		AnalyzeDomain (210ms)
			TypeCache.Refresh (208ms)
				TypeCache.ScanAssembly (191ms)
			BuildScriptInfoCaches (0ms)
			ResolveRequiredComponents (1ms)
	FinalizeReload (876ms)
		ReleaseScriptCaches (0ms)
		RebuildScriptCaches (0ms)
		SetupLoadedEditorAssemblies (825ms)
			LogAssemblyErrors (0ms)
			InitializePlatformSupportModulesInManaged (343ms)
			SetLoadedEditorAssemblies (5ms)
			BeforeProcessingInitializeOnLoad (104ms)
			ProcessInitializeOnLoadAttributes (215ms)
			ProcessInitializeOnLoadMethodAttributes (157ms)
			AfterProcessingInitializeOnLoad (0ms)
			EditorAssembliesLoaded (0ms)
		ExecutionOrderSort2 (0ms)
		AwakeInstancesAfterBackupRestoration (0ms)
========================================================================
Worker process is ready to serve import requests
Import Worker Mode flag is 0x00
Begin MonoManager ReloadAssembly
[Licensing::Client] Successfully resolved entitlement details
Asset path could not be found for script compilation file '/Assets/Library/RealtimeCSG/Plugins/API/Components/Runtime/CSGBrush.cs'
Asset path could not be found for script compilation file '/Assets/Library/RealtimeCSG/Plugins/API/Components/Runtime/CSGModel.cs'
Asset path could not be found for script compilation file '/Assets/Library/RealtimeCSG/Plugins/API/Components/Runtime/CSGNode.cs'
Asset path could not be found for script compilation file '/Assets/Library/RealtimeCSG/Plugins/API/Components/Runtime/CSGOperation.cs'
Asset path could not be found for script compilation file '/Assets/Library/RealtimeCSG/Plugins/API/Components/Runtime/Utility/ChildNodeData.cs'
Asset path could not be found for script compilation file '/Assets/Library/RealtimeCSG/Plugins/API/Components/Runtime/Utility/CompareShape.cs'
Asset path could not be found for script compilation file '/Assets/Library/RealtimeCSG/Plugins/API/Components/Runtime/Utility/CompareTransformation.cs'
Asset path could not be found for script compilation file '/Assets/Library/RealtimeCSG/Plugins/API/Components/Runtime/Utility/ComponentUpgrader.cs'
Asset path could not be found for script compilation file '/Assets/Library/RealtimeCSG/Plugins/API/Components/Runtime/Utility/GeometryWireframe.cs'
Asset path could not be found for script compilation file '/Assets/Library/RealtimeCSG/Plugins/API/Components/Runtime/Utility/HierarchyItem.cs'
Asset path could not be found for script compilation file '/Assets/Library/RealtimeCSG/Plugins/API/Components/Runtime/Utility/ParentNodeData.cs'
Asset path could not be found for script compilation file '/Assets/Library/RealtimeCSG/Plugins/API/Foundation/Editor/BrushMesh.cs'
Asset path could not be found for script compilation file '/Assets/Library/RealtimeCSG/Plugins/API/Foundation/Editor/BrushMeshInstance.cs'
Asset path could not be found for script compilation file '/Assets/Library/RealtimeCSG/Plugins/API/Foundation/Editor/BrushMeshUtility.cs'
Asset path could not be found for script compilation file '/Assets/Library/RealtimeCSG/Plugins/API/Foundation/Editor/BrushValidation.cs'
Asset path could not be found for script compilation file '/Assets/Library/RealtimeCSG/Plugins/API/Foundation/Editor/CSGManager.cs'
Asset path could not be found for script compilation file '/Assets/Library/RealtimeCSG/Plugins/API/Foundation/Editor/CSGTree.cs'
Asset path could not be found for script compilation file '/Assets/Library/RealtimeCSG/Plugins/API/Foundation/Editor/CSGTreeBranch.cs'
Asset path could not be found for script compilation file '/Assets/Library/RealtimeCSG/Plugins/API/Foundation/Editor/CSGTreeBrush.cs'
Asset path could not be found for script compilation file '/Assets/Library/RealtimeCSG/Plugins/API/Foundation/Editor/CSGTreeNode.cs'
Asset path could not be found for script compilation file '/Assets/Library/RealtimeCSG/Plugins/API/Foundation/Editor/Native/BrushMeshInstance.Native.cs'
Asset path could not be found for script compilation file '/Assets/Library/RealtimeCSG/Plugins/API/Foundation/Editor/Native/CSGManager.Native.cs'
Asset path could not be found for script compilation file '/Assets/Library/RealtimeCSG/Plugins/API/Foundation/Editor/Native/CSGTree.Native.cs'
Asset path could not be found for script compilation file '/Assets/Library/RealtimeCSG/Plugins/API/Foundation/Editor/Native/CSGTreeBranch.Native.cs'
Asset path could not be found for script compilation file '/Assets/Library/RealtimeCSG/Plugins/API/Foundation/Editor/Native/CSGTreeBrush.Native.cs'
Asset path could not be found for script compilation file '/Assets/Library/RealtimeCSG/Plugins/API/Foundation/Editor/Native/CSGTreeNode.Native.cs'
Asset path could not be found for script compilation file '/Assets/Library/RealtimeCSG/Plugins/API/Foundation/Editor/Version.cs'
Asset path could not be found for script compilation file '/Assets/Library/RealtimeCSG/Plugins/API/Foundation/Runtime/GeneratedMeshContents.cs'
Asset path could not be found for script compilation file '/Assets/Library/RealtimeCSG/Plugins/API/Foundation/Runtime/GeneratedMeshDescription.cs'
Asset path could not be found for script compilation file '/Assets/Library/RealtimeCSG/Plugins/API/Foundation/Runtime/MeshQuery.cs'
Asset path could not be found for script compilation file '/Assets/Library/RealtimeCSG/Plugins/API/Foundation/Runtime/SurfaceLayers.cs'
Asset path could not be found for script compilation file '/Assets/Library/RealtimeCSG/Plugins/API/Legacy/Editor/BrushFactory.cs'
Asset path could not be found for script compilation file '/Assets/Library/RealtimeCSG/Plugins/API/Legacy/Editor/BrushFactory.Legacy.cs'
Asset path could not be found for script compilation file '/Assets/Library/RealtimeCSG/Plugins/API/Legacy/Runtime/ControlMesh.cs'
Asset path could not be found for script compilation file '/Assets/Library/RealtimeCSG/Plugins/API/Legacy/Runtime/CSGPlane.cs'
Asset path could not be found for script compilation file '/Assets/Library/RealtimeCSG/Plugins/API/Legacy/Runtime/Shape.cs'
Asset path could not be found for script compilation file '/Assets/Library/RealtimeCSG/Plugins/API/Legacy/Runtime/Surface.cs'
Asset path could not be found for script compilation file '/Assets/Library/RealtimeCSG/Plugins/API/Legacy/Runtime/TexGen.cs'
Asset path could not be found for script compilation file '/Assets/Scripts/ConvertToCSG.cs'
Asset path could not be found for script compilation file '/Assets/Scripts/CSGModelUtility.cs'
- Loaded All Assemblies, in  1.042 seconds
Refreshing native plugins compatible for Editor in 0.73 ms, found 4 plugins.
Native extension for Android target not found
Native extension for UWP target not found
Native extension for WindowsStandalone target not found
Native extension for WebGL target not found
Package Manager log level set to [2]
[Package Manager] Failed to launch server process. Reason: Unity was launched with the -noUpm command-line argument
[Package Manager] Unable to send message (not connected to server process).
[Package Manager] Cannot connect to Unity Package Manager local server
Mono: successfully reloaded assembly
- Finished resetting the current domain, in  1.194 seconds
Domain Reload Profiling: 2231ms
	BeginReloadAssembly (206ms)
		ExecutionOrderSort (0ms)
		DisableScriptedObjects (7ms)
		BackupInstance (0ms)
		ReleaseScriptingObjects (0ms)
		CreateAndSetChildDomain (37ms)
	RebuildCommonClasses (41ms)
	RebuildNativeTypeToScriptingClass (15ms)
	initialDomainReloadingComplete (43ms)
	LoadAllAssembliesAndSetupDomain (731ms)
		LoadAssemblies (594ms)
		RebuildTransferFunctionScriptingTraits (0ms)
		AnalyzeDomain (254ms)
			TypeCache.Refresh (192ms)
				TypeCache.ScanAssembly (174ms)
			BuildScriptInfoCaches (47ms)
			ResolveRequiredComponents (11ms)
	FinalizeReload (1195ms)
		ReleaseScriptCaches (0ms)
		RebuildScriptCaches (0ms)
		SetupLoadedEditorAssemblies (826ms)
			LogAssemblyErrors (0ms)
			InitializePlatformSupportModulesInManaged (11ms)
			SetLoadedEditorAssemblies (5ms)
			BeforeProcessingInitializeOnLoad (249ms)
			ProcessInitializeOnLoadAttributes (476ms)
			ProcessInitializeOnLoadMethodAttributes (77ms)
			AfterProcessingInitializeOnLoad (6ms)
			EditorAssembliesLoaded (0ms)
		ExecutionOrderSort2 (0ms)
		AwakeInstancesAfterBackupRestoration (8ms)
Launched and connected shader compiler UnityShaderCompiler.exe after 0.03 seconds
Refreshing native plugins compatible for Editor in 1.66 ms, found 4 plugins.
Preloading 0 native plugins for Editor in 0.00 ms.
Unloading 16 Unused Serialized files (Serialized files now loaded: 0)
Unloading 6467 unused Assets / (4.9 MB). Loaded Objects now: 7283.
Memory consumption went from 146.0 MB to 141.1 MB.
Total: 11.163700 ms (FindLiveObjects: 1.467800 ms CreateObjectMapping: 0.484500 ms MarkObjects: 6.502700 ms  DeleteObjects: 2.707600 ms)

========================================================================
Received Import Request.
  Time since last request: 2475.819531 seconds.
  path: Assets/Scenes/SampleScene.unity
  artifactKey: Guid(99c9720ab356a0642a771bea13969a05) Importer(2089858483,b0f066a214c2f5e87bad3c948f4d605d)
Start importing Assets/Scenes/SampleScene.unity using Guid(99c9720ab356a0642a771bea13969a05) Importer(2089858483,b0f066a214c2f5e87bad3c948f4d605d) (ScriptedImporter) -> (artifact id: 'fddf55ef8772644a10b2da7729c462e4') in 0.079194 seconds
Number of updated asset objects reloaded before import = 0Number of asset objects unloaded after import = 1

========================================================================
Received Prepare
Refreshing native plugins compatible for Editor in 0.85 ms, found 4 plugins.
Preloading 0 native plugins for Editor in 0.00 ms.
Unloading 17 Unused Serialized files (Serialized files now loaded: 0)
Unloading 6467 unused Assets / (5.6 MB). Loaded Objects now: 7295.
Memory consumption went from 145.4 MB to 139.8 MB.
Total: 8.200000 ms (FindLiveObjects: 0.593300 ms CreateObjectMapping: 0.504800 ms MarkObjects: 4.294600 ms  DeleteObjects: 2.806600 ms)

Prepare: number of updated asset objects reloaded= 0
========================================================================
Received Import Request.
  Time since last request: 17.496191 seconds.
  path: Assets/Library/co.parabox.csg/CSG/CSG.cs
  artifactKey: Guid(ebfb4c2cfc5327c42a8bf12d68aa7bdc) Importer(2089858483,b0f066a214c2f5e87bad3c948f4d605d)
Start importing Assets/Library/co.parabox.csg/CSG/CSG.cs using Guid(ebfb4c2cfc5327c42a8bf12d68aa7bdc) Importer(2089858483,b0f066a214c2f5e87bad3c948f4d605d) (ScriptedImporter) -> (artifact id: 'f3e8271f7311f1aa0b527095ef9bf524') in 0.0730066 seconds
Number of updated asset objects reloaded before import = 0Number of asset objects unloaded after import = 0

========================================================================
Received Import Request.
  Time since last request: 0.000020 seconds.
  path: Assets/Library/co.parabox.csg/README.md
  artifactKey: Guid(ca986e024ff5140f181ae06d8eac5ab3) Importer(2089858483,b0f066a214c2f5e87bad3c948f4d605d)
Start importing Assets/Library/co.parabox.csg/README.md using Guid(ca986e024ff5140f181ae06d8eac5ab3) Importer(2089858483,b0f066a214c2f5e87bad3c948f4d605d) (ScriptedImporter) -> (artifact id: 'da9c29b9744aa9c8712676094c90fba2') in 0.0211614 seconds
Number of updated asset objects reloaded before import = 0Number of asset objects unloaded after import = 1

========================================================================
Received Import Request.
  Time since last request: 0.000033 seconds.
  path: Assets/Library/co.parabox.csg/CSG/Classes/Vertex.cs
  artifactKey: Guid(d3396e48206be51d593d62d826555765) Importer(2089858483,b0f066a214c2f5e87bad3c948f4d605d)
Start importing Assets/Library/co.parabox.csg/CSG/Classes/Vertex.cs using Guid(d3396e48206be51d593d62d826555765) Importer(2089858483,b0f066a214c2f5e87bad3c948f4d605d) (ScriptedImporter) -> (artifact id: 'a76aacf3253f2dae3a08da16dc62840a') in 0.0207644 seconds
Number of updated asset objects reloaded before import = 0Number of asset objects unloaded after import = 0

========================================================================
Received Import Request.
  Time since last request: 0.000027 seconds.
  path: Assets/Library/co.parabox.csg/CSG/Parabox.CSG.asmdef
  artifactKey: Guid(dc7a76bbd6d37bf29a03b12fdc01a1cd) Importer(2089858483,b0f066a214c2f5e87bad3c948f4d605d)
Start importing Assets/Library/co.parabox.csg/CSG/Parabox.CSG.asmdef using Guid(dc7a76bbd6d37bf29a03b12fdc01a1cd) Importer(2089858483,b0f066a214c2f5e87bad3c948f4d605d) (ScriptedImporter) -> (artifact id: '089ff6f21b4024e18856c2ded10dbc6f') in 0.0225559 seconds
Number of updated asset objects reloaded before import = 0Number of asset objects unloaded after import = 1

========================================================================
Received Import Request.
  Time since last request: 0.000026 seconds.
  path: Assets/Library/co.parabox.csg/LICENSE
  artifactKey: Guid(0b06d98e41f634879ab424faf7644a02) Importer(2089858483,b0f066a214c2f5e87bad3c948f4d605d)
Start importing Assets/Library/co.parabox.csg/LICENSE using Guid(0b06d98e41f634879ab424faf7644a02) Importer(2089858483,b0f066a214c2f5e87bad3c948f4d605d) (ScriptedImporter) -> (artifact id: '91997ff739e83bae96fd9bbb6287aa14') in 0.0173691 seconds
Number of updated asset objects reloaded before import = 0Number of asset objects unloaded after import = 1

========================================================================
Received Import Request.
  Time since last request: 0.000021 seconds.
  path: Assets/Library/co.parabox.csg/Samples/Demo Assets/Scripts/Demo.cs
  artifactKey: Guid(7d107089815ad904ea32446163f3c8e8) Importer(2089858483,b0f066a214c2f5e87bad3c948f4d605d)
Start importing Assets/Library/co.parabox.csg/Samples/Demo Assets/Scripts/Demo.cs using Guid(7d107089815ad904ea32446163f3c8e8) Importer(2089858483,b0f066a214c2f5e87bad3c948f4d605d) (ScriptedImporter) -> (artifact id: '9005b85afd98ea13c2034eb7c4bad8c0') in 0.0160406 seconds
Number of updated asset objects reloaded before import = 0Number of asset objects unloaded after import = 0

========================================================================
Received Import Request.
  Time since last request: 0.000035 seconds.
  path: Assets/Library/co.parabox.csg/Samples/Demo Assets/Prefabs/SphereSquare.prefab
  artifactKey: Guid(eab5f60e738b26542916aac113f57df4) Importer(2089858483,b0f066a214c2f5e87bad3c948f4d605d)
Start importing Assets/Library/co.parabox.csg/Samples/Demo Assets/Prefabs/SphereSquare.prefab using Guid(eab5f60e738b26542916aac113f57df4) Importer(2089858483,b0f066a214c2f5e87bad3c948f4d605d) (ScriptedImporter) -> (artifact id: 'f4d74e10cac953e193ae78e0eb15dd76') in 0.035085 seconds
Number of updated asset objects reloaded before import = 0Number of asset objects unloaded after import = 14

========================================================================
Received Import Request.
  Time since last request: 0.000017 seconds.
  path: Assets/Library/co.parabox.csg/Samples/Demo Assets/Prefabs
  artifactKey: Guid(7dc71d28f4711834ab78b82d069343b1) Importer(2089858483,b0f066a214c2f5e87bad3c948f4d605d)
Start importing Assets/Library/co.parabox.csg/Samples/Demo Assets/Prefabs using Guid(7dc71d28f4711834ab78b82d069343b1) Importer(2089858483,b0f066a214c2f5e87bad3c948f4d605d) (ScriptedImporter) -> (artifact id: 'b68037352b3a4d7154468922011734a9') in 0.0139703 seconds
Number of updated asset objects reloaded before import = 0Number of asset objects unloaded after import = 1

========================================================================
Received Import Request.
  Time since last request: 0.000020 seconds.
  path: Assets/Library/co.parabox.csg/Samples/Demo Assets/Material/Checker.png
  artifactKey: Guid(41c9322827d1f9a4d830db3f0f391f64) Importer(2089858483,b0f066a214c2f5e87bad3c948f4d605d)
Start importing Assets/Library/co.parabox.csg/Samples/Demo Assets/Material/Checker.png using Guid(41c9322827d1f9a4d830db3f0f391f64) Importer(2089858483,b0f066a214c2f5e87bad3c948f4d605d) (ScriptedImporter) -> (artifact id: '484ba98299eb81492c0ddf369bff6543') in 0.1213295 seconds
Number of updated asset objects reloaded before import = 0Number of asset objects unloaded after import = 1

========================================================================
Received Import Request.
  Time since last request: 0.000018 seconds.
  path: Assets/Library/co.parabox.csg/CHANGELOG.md
  artifactKey: Guid(9e9d365796383ee4ea0baac0dff4fb5c) Importer(2089858483,b0f066a214c2f5e87bad3c948f4d605d)
Start importing Assets/Library/co.parabox.csg/CHANGELOG.md using Guid(9e9d365796383ee4ea0baac0dff4fb5c) Importer(2089858483,b0f066a214c2f5e87bad3c948f4d605d) (ScriptedImporter) -> (artifact id: 'dd58cfa7b257e17bc04bc18ed42f7c57') in 0.0190483 seconds
Number of updated asset objects reloaded before import = 0Number of asset objects unloaded after import = 1

========================================================================
Received Import Request.
  Time since last request: 0.000051 seconds.
  path: Assets/Library/co.parabox.csg/CSG/Classes/Polygon.cs
  artifactKey: Guid(2cda6397b700ee527a36b378c4f72784) Importer(2089858483,b0f066a214c2f5e87bad3c948f4d605d)
Start importing Assets/Library/co.parabox.csg/CSG/Classes/Polygon.cs using Guid(2cda6397b700ee527a36b378c4f72784) Importer(2089858483,b0f066a214c2f5e87bad3c948f4d605d) (ScriptedImporter) -> (artifact id: '7f8e6577c674e6072695e2c7437e4f98') in 0.0147889 seconds
Number of updated asset objects reloaded before import = 0Number of asset objects unloaded after import = 0

========================================================================
Received Import Request.
  Time since last request: 0.000016 seconds.
  path: Assets/Library/co.parabox.csg/CSG/Classes/Plane.cs
  artifactKey: Guid(5036d4859bee1f3d1b896b616cab05a4) Importer(2089858483,b0f066a214c2f5e87bad3c948f4d605d)
Start importing Assets/Library/co.parabox.csg/CSG/Classes/Plane.cs using Guid(5036d4859bee1f3d1b896b616cab05a4) Importer(2089858483,b0f066a214c2f5e87bad3c948f4d605d) (ScriptedImporter) -> (artifact id: 'bf5a963394eac86fb2ea4e479c018933') in 0.0154913 seconds
Number of updated asset objects reloaded before import = 0Number of asset objects unloaded after import = 0

========================================================================
Received Import Request.
  Time since last request: 0.000020 seconds.
  path: Assets/Library/co.parabox.csg/Samples/Demo Assets/Prefabs/CylinderSquare.prefab
  artifactKey: Guid(678cdbee1e449a942bbed43014132d8a) Importer(2089858483,b0f066a214c2f5e87bad3c948f4d605d)
Start importing Assets/Library/co.parabox.csg/Samples/Demo Assets/Prefabs/CylinderSquare.prefab using Guid(678cdbee1e449a942bbed43014132d8a) Importer(2089858483,b0f066a214c2f5e87bad3c948f4d605d) (ScriptedImporter) -> (artifact id: 'cebfe6e03996a5ef4dcc75807f834e63') in 0.0201497 seconds
Number of updated asset objects reloaded before import = 0Number of asset objects unloaded after import = 14

========================================================================
Received Import Request.
  Time since last request: 0.000073 seconds.
  path: Assets/Library/co.parabox.csg/Samples/Demo Assets/Scripts/Parabox.CSG.Demo.asmdef
  artifactKey: Guid(b4bf6b254ae1d454e861a0762f0d7097) Importer(2089858483,b0f066a214c2f5e87bad3c948f4d605d)
Start importing Assets/Library/co.parabox.csg/Samples/Demo Assets/Scripts/Parabox.CSG.Demo.asmdef using Guid(b4bf6b254ae1d454e861a0762f0d7097) Importer(2089858483,b0f066a214c2f5e87bad3c948f4d605d) (ScriptedImporter) -> (artifact id: '2ed43496e0afe94d80614acf465c523a') in 0.0187034 seconds
Number of updated asset objects reloaded before import = 0Number of asset objects unloaded after import = 1

========================================================================
Received Import Request.
  Time since last request: 0.000029 seconds.
  path: Assets/Library/co.parabox.csg/package.json
  artifactKey: Guid(f730172331ca44ca680262b4054ad977) Importer(2089858483,b0f066a214c2f5e87bad3c948f4d605d)
Start importing Assets/Library/co.parabox.csg/package.json using Guid(f730172331ca44ca680262b4054ad977) Importer(2089858483,b0f066a214c2f5e87bad3c948f4d605d) (ScriptedImporter) -> (artifact id: '1a1602cc8504389297863149432cb170') in 0.0173138 seconds
Number of updated asset objects reloaded before import = 0Number of asset objects unloaded after import = 1

========================================================================
Received Import Request.
  Time since last request: 0.000023 seconds.
  path: Assets/Library/co.parabox.csg/CSG/Classes
  artifactKey: Guid(26a69eae25551d3459c97657aaabde95) Importer(2089858483,b0f066a214c2f5e87bad3c948f4d605d)
Start importing Assets/Library/co.parabox.csg/CSG/Classes using Guid(26a69eae25551d3459c97657aaabde95) Importer(2089858483,b0f066a214c2f5e87bad3c948f4d605d) (ScriptedImporter) -> (artifact id: '85a8749ea1fe2dc8deabdae811608b3e') in 0.0157383 seconds
Number of updated asset objects reloaded before import = 0Number of asset objects unloaded after import = 1

========================================================================
Received Import Request.
  Time since last request: 0.000021 seconds.
  path: Assets/Library/co.parabox.csg/Samples/Demo Assets/Prefabs/CubeCapsule.prefab
  artifactKey: Guid(6985547397e6b864592f722d1a1440e6) Importer(2089858483,b0f066a214c2f5e87bad3c948f4d605d)
Start importing Assets/Library/co.parabox.csg/Samples/Demo Assets/Prefabs/CubeCapsule.prefab using Guid(6985547397e6b864592f722d1a1440e6) Importer(2089858483,b0f066a214c2f5e87bad3c948f4d605d) (ScriptedImporter) -> (artifact id: 'a9160b29a5290e4bc55f200dd0fd56f6') in 0.0214043 seconds
Number of updated asset objects reloaded before import = 0Number of asset objects unloaded after import = 14

========================================================================
Received Import Request.
  Time since last request: 2.244060 seconds.
  path: Assets/Library/co.parabox.csg
  artifactKey: Guid(c8c433937af6b464eaec33c9a01c69e6) Importer(815301076,1909f56bfc062723c751e8b465ee728b)
Start importing Assets/Library/co.parabox.csg using Guid(c8c433937af6b464eaec33c9a01c69e6) Importer(815301076,1909f56bfc062723c751e8b465ee728b) (PreviewImporter) -> (artifact id: 'c920499ee8d6df25c1e8b4467cbc3efb') in 0.0005824 seconds
Number of updated asset objects reloaded before import = 0Number of asset objects unloaded after import = 0

