[Licensing::Module] Trying to connect to existing licensing client channel...
Built from '6000.3/staging' branch; Version is '6000.3.3f1 (ef04196de0d6) revision 15664153'; Using compiler version '194234433'; Build Type 'Release'
OS: 'Windows 11  (10.0.26100) 64bit Core' Language: 'en' Physical Memory: 16125 MB
[Licensing::IpcConnector] Successfully connected to: "LicenseClient-PC" at "2026-01-30T15:15:14.9601221Z"
BatchMode: 1, IsHumanControllingUs: 0, StartBugReporterOnCrash: 0, Is64bit: 1
Date: 2026-01-30T15:15:14Z

COMMAND LINE ARGUMENTS:
C:\Program Files\Unity\Hub\Editor\6000.3.3f1\Editor\Unity.exe
-adb2
-batchMode
-noUpm
-name
AssetImportWorker2
-projectPath
C:/repos/GGJ2026/GGJ2026
-logFile
Logs/AssetImportWorker2.log
-srvPort
62415
-job-worker-count
5
-background-job-worker-count
8
-gc-helper-count
1
-name
AssetImport
Successfully changed project path to: C:/repos/GGJ2026/GGJ2026
C:/repos/GGJ2026/GGJ2026
[UnityMemory] Configuration Parameters - Can be set up in boot.config
    "memorysetup-temp-allocator-size-nav-mesh-worker=65536"
    "memorysetup-temp-allocator-size-audio-worker=65536"
    "memorysetup-temp-allocator-size-gfx=262144"
    "memorysetup-allocator-temp-initial-block-size-main=262144"
    "memorysetup-allocator-temp-initial-block-size-worker=262144"
    "memorysetup-temp-allocator-size-background-worker=32768"
    "memorysetup-temp-allocator-size-job-worker=262144"
    "memorysetup-temp-allocator-size-preload-manager=33554432"
    "memorysetup-temp-allocator-size-gi-baking-worker=262144"
    "memorysetup-temp-allocator-size-gi-baking-worker=262144"
    "memorysetup-temp-allocator-size-gi-baking-worker=262144"
    "memorysetup-temp-allocator-size-gi-baking-worker=262144"
    "memorysetup-temp-allocator-size-gi-baking-worker=262144"
    "memorysetup-bucket-allocator-granularity=16"
    "memorysetup-bucket-allocator-bucket-count=8"
    "memorysetup-bucket-allocator-block-size=33554432"
    "memorysetup-bucket-allocator-block-count=8"
    "memorysetup-main-allocator-block-size=16777216"
    "memorysetup-thread-allocator-block-size=16777216"
    "memorysetup-gfx-main-allocator-block-size=16777216"
    "memorysetup-gfx-thread-allocator-block-size=16777216"
    "memorysetup-cache-allocator-block-size=4194304"
    "memorysetup-typetree-allocator-block-size=2097152"
    "memorysetup-profiler-bucket-allocator-granularity=16"
    "memorysetup-profiler-bucket-allocator-bucket-count=8"
    "memorysetup-profiler-bucket-allocator-block-size=33554432"
    "memorysetup-profiler-bucket-allocator-block-count=8"
    "memorysetup-profiler-allocator-block-size=16777216"
    "memorysetup-profiler-editor-allocator-block-size=1048576"
    "memorysetup-temp-allocator-size-main=16777216"
    "memorysetup-job-temp-allocator-block-size=2097152"
    "memorysetup-job-temp-allocator-block-size-background=1048576"
    "memorysetup-job-temp-allocator-reduction-small-platforms=262144"
    "memorysetup-temp-allocator-size-cloud-worker=32768"
Player connection [23200]  Target information:

Player connection [23200]  * "[IP] 26.106.143.127 [Port] 0 [Flags] 2 [Guid] 3342873114 [EditorId] 3342873114 [Version] 1048832 [Id] WindowsEditor(7,DESKTOP-CUTI0NB) [Debug] 1 [PackageName] WindowsEditor [ProjectName] Editor" 

Player connection [23200]  * "[IP] 10.30.8.113 [Port] 0 [Flags] 2 [Guid] 3342873114 [EditorId] 3342873114 [Version] 1048832 [Id] WindowsEditor(7,DESKTOP-CUTI0NB) [Debug] 1 [PackageName] WindowsEditor [ProjectName] Editor" 

Player connection [23200] Host joined multi-casting on [225.0.0.222:54997]...
Player connection [23200] Host joined alternative multi-casting on [225.0.0.222:34997]...
JobSystem: Creating JobQueue using job-worker-count value 5
Input System module state changed to: Initialized.
[Physics::Module] Initialized fallback backend.
[Physics::Module] Id: 0xdecafbad
Library Redirect Path: Library/
[Physics::Module] Selected backend.
[Physics::Module] Name: PhysX
[Physics::Module] Id: 0xf2b8ea05
[Physics::Module] SDK Version: 4.1.2
[Physics::Module] Integration Version: 1.0.0
[Physics::Module] Threading Mode: Multi-Threaded
Refreshing native plugins compatible for Editor in 12.75 ms, found 4 plugins.
Preloading 0 native plugins for Editor in 0.00 ms.
Initialize engine version: 6000.3.3f1 (ef04196de0d6)
[Subsystems] Discovering subsystems at path C:/Program Files/Unity/Hub/Editor/6000.3.3f1/Editor/Data/Resources/UnitySubsystems
[Subsystems] Discovering subsystems at path C:/repos/GGJ2026/GGJ2026/Assets
GfxDevice: creating device client; kGfxThreadingModeNonThreaded
Direct3D:
    Version:  Direct3D 11.0 [level 11.1]
    Renderer: NVIDIA GeForce GTX 1650 (ID=0x1f0a)
    Vendor:   NVIDIA
    VRAM:     3935 MB
    Driver:   32.0.15.8157
Initialize mono
Mono path[0] = 'C:/Program Files/Unity/Hub/Editor/6000.3.3f1/Editor/Data/Managed'
Mono path[1] = 'C:/Program Files/Unity/Hub/Editor/6000.3.3f1/Editor/Data/MonoBleedingEdge/lib/mono/unityjit-win32'
Mono config path = 'C:/Program Files/Unity/Hub/Editor/6000.3.3f1/Editor/Data/MonoBleedingEdge/etc'
Using monoOptions --debugger-agent=transport=dt_socket,embedding=1,server=y,suspend=n,address=127.0.0.1:56220
Begin MonoManager ReloadAssembly
Registering precompiled unity dll's ...
Register platform support module: C:/Program Files/Unity/Hub/Editor/6000.3.3f1/Editor/Data/PlaybackEngines/WebGLSupport/UnityEditor.WebGL.Extensions.dll
Register platform support module: C:/Program Files/Unity/Hub/Editor/6000.3.3f1/Editor/Data/PlaybackEngines/WindowsStandaloneSupport/UnityEditor.WindowsStandalone.Extensions.dll
[Licensing::Module] Licensing is not yet initialized.
[Licensing::Client] Error: HandshakeResponse reported an error:
	ResponseCode: 505
	ResponseStatus: Unsupported protocol version '1.17.4'.
[Licensing::Module] Error: Failed to handshake to channel: "LicenseClient-PC"
[Licensing::IpcConnector] LicenseClient-PC channel disconnected successfully.
[Licensing::IpcConnector] Successfully connected to: "LicenseClient-PC-6000.3.3" at "2026-01-30T15:15:17.885477Z"
[Licensing::Client] Handshaking with LicensingClient:
  Version:                 1.17.4+4293ba1
  Session Id:              426e860cce00492d844f0b61ae3ad915
  Correlation Id:          a144e784f2a5ea36456c5e4b6c3588d2
  External correlation Id: 8480093475156397809
  Machine Id:              HDAllRFm983F7lSmkNyk3kVc0ZI=
[Licensing::Module] Successfully connected to LicensingClient on channel: "LicenseClient-PC-6000.3.3" (connect: 0.00s, validation: 0.00s, handshake: 2.16s)
[Licensing::IpcConnector] Successfully connected to: "LicenseClient-PC-6000.3.3-notifications" at "2026-01-30T15:15:20.0514619Z"
[Licensing::Module] Licensing Background thread has ended after 5.09s
[Licensing::Module] Licensing is initialized (took 3.92s).
[Licensing::Client] Successfully resolved entitlement details
[Licensing::Module] License group:
  Id: 18967509904522-UnityPersXXXX
  Product: Unity Personal
  Type: Assigned
  Expiration: Unlimited
Register platform support module: C:/Program Files/Unity/Hub/Editor/6000.3.3f1/Editor/Data/PlaybackEngines/MetroSupport/UnityEditor.UWP.Extensions.dll
[Licensing::Client] Successfully resolved entitlement details
Register platform support module: C:/Program Files/Unity/Hub/Editor/6000.3.3f1/Editor/Data/PlaybackEngines/AndroidPlayer/UnityEditor.Android.Extensions.dll
Registered in 3.922011 seconds.
- Loaded All Assemblies, in  4.558 seconds
Native extension for Android target not found
Android Extension - Scanning For ADB Devices 204 ms
Native extension for UWP target not found
Native extension for WindowsStandalone target not found
Native extension for WebGL target not found
Mono: successfully reloaded assembly
- Finished resetting the current domain, in  0.665 seconds
Domain Reload Profiling: 5221ms
	BeginReloadAssembly (313ms)
		ExecutionOrderSort (0ms)
		DisableScriptedObjects (0ms)
		BackupInstance (0ms)
		ReleaseScriptingObjects (0ms)
		CreateAndSetChildDomain (1ms)
	RebuildCommonClasses (66ms)
	RebuildNativeTypeToScriptingClass (19ms)
	initialDomainReloadingComplete (3970ms)
	LoadAllAssembliesAndSetupDomain (187ms)
		LoadAssemblies (309ms)
		RebuildTransferFunctionScriptingTraits (0ms)
		AnalyzeDomain (181ms)
			TypeCache.Refresh (179ms)
				TypeCache.ScanAssembly (166ms)
			BuildScriptInfoCaches (0ms)
			ResolveRequiredComponents (1ms)
	FinalizeReload (666ms)
		ReleaseScriptCaches (0ms)
		RebuildScriptCaches (0ms)
		SetupLoadedEditorAssemblies (622ms)
			LogAssemblyErrors (0ms)
			InitializePlatformSupportModulesInManaged (298ms)
			SetLoadedEditorAssemblies (4ms)
			BeforeProcessingInitializeOnLoad (84ms)
			ProcessInitializeOnLoadAttributes (138ms)
			ProcessInitializeOnLoadMethodAttributes (97ms)
			AfterProcessingInitializeOnLoad (0ms)
			EditorAssembliesLoaded (0ms)
		ExecutionOrderSort2 (0ms)
		AwakeInstancesAfterBackupRestoration (0ms)
========================================================================
Worker process is ready to serve import requests
Import Worker Mode flag is 0x00
Begin MonoManager ReloadAssembly
[Licensing::Client] Successfully resolved entitlement details
Asset path could not be found for script compilation file '/Assets/Library/RealtimeCSG/Plugins/API/Components/Runtime/CSGBrush.cs'
Asset path could not be found for script compilation file '/Assets/Library/RealtimeCSG/Plugins/API/Components/Runtime/CSGModel.cs'
Asset path could not be found for script compilation file '/Assets/Library/RealtimeCSG/Plugins/API/Components/Runtime/CSGNode.cs'
Asset path could not be found for script compilation file '/Assets/Library/RealtimeCSG/Plugins/API/Components/Runtime/CSGOperation.cs'
Asset path could not be found for script compilation file '/Assets/Library/RealtimeCSG/Plugins/API/Components/Runtime/Utility/ChildNodeData.cs'
Asset path could not be found for script compilation file '/Assets/Library/RealtimeCSG/Plugins/API/Components/Runtime/Utility/CompareShape.cs'
Asset path could not be found for script compilation file '/Assets/Library/RealtimeCSG/Plugins/API/Components/Runtime/Utility/CompareTransformation.cs'
Asset path could not be found for script compilation file '/Assets/Library/RealtimeCSG/Plugins/API/Components/Runtime/Utility/ComponentUpgrader.cs'
Asset path could not be found for script compilation file '/Assets/Library/RealtimeCSG/Plugins/API/Components/Runtime/Utility/GeometryWireframe.cs'
Asset path could not be found for script compilation file '/Assets/Library/RealtimeCSG/Plugins/API/Components/Runtime/Utility/HierarchyItem.cs'
Asset path could not be found for script compilation file '/Assets/Library/RealtimeCSG/Plugins/API/Components/Runtime/Utility/ParentNodeData.cs'
Asset path could not be found for script compilation file '/Assets/Library/RealtimeCSG/Plugins/API/Foundation/Editor/BrushMesh.cs'
Asset path could not be found for script compilation file '/Assets/Library/RealtimeCSG/Plugins/API/Foundation/Editor/BrushMeshInstance.cs'
Asset path could not be found for script compilation file '/Assets/Library/RealtimeCSG/Plugins/API/Foundation/Editor/BrushMeshUtility.cs'
Asset path could not be found for script compilation file '/Assets/Library/RealtimeCSG/Plugins/API/Foundation/Editor/BrushValidation.cs'
Asset path could not be found for script compilation file '/Assets/Library/RealtimeCSG/Plugins/API/Foundation/Editor/CSGManager.cs'
Asset path could not be found for script compilation file '/Assets/Library/RealtimeCSG/Plugins/API/Foundation/Editor/CSGTree.cs'
Asset path could not be found for script compilation file '/Assets/Library/RealtimeCSG/Plugins/API/Foundation/Editor/CSGTreeBranch.cs'
Asset path could not be found for script compilation file '/Assets/Library/RealtimeCSG/Plugins/API/Foundation/Editor/CSGTreeBrush.cs'
Asset path could not be found for script compilation file '/Assets/Library/RealtimeCSG/Plugins/API/Foundation/Editor/CSGTreeNode.cs'
Asset path could not be found for script compilation file '/Assets/Library/RealtimeCSG/Plugins/API/Foundation/Editor/Native/BrushMeshInstance.Native.cs'
Asset path could not be found for script compilation file '/Assets/Library/RealtimeCSG/Plugins/API/Foundation/Editor/Native/CSGManager.Native.cs'
Asset path could not be found for script compilation file '/Assets/Library/RealtimeCSG/Plugins/API/Foundation/Editor/Native/CSGTree.Native.cs'
Asset path could not be found for script compilation file '/Assets/Library/RealtimeCSG/Plugins/API/Foundation/Editor/Native/CSGTreeBranch.Native.cs'
Asset path could not be found for script compilation file '/Assets/Library/RealtimeCSG/Plugins/API/Foundation/Editor/Native/CSGTreeBrush.Native.cs'
Asset path could not be found for script compilation file '/Assets/Library/RealtimeCSG/Plugins/API/Foundation/Editor/Native/CSGTreeNode.Native.cs'
Asset path could not be found for script compilation file '/Assets/Library/RealtimeCSG/Plugins/API/Foundation/Editor/Version.cs'
Asset path could not be found for script compilation file '/Assets/Library/RealtimeCSG/Plugins/API/Foundation/Runtime/GeneratedMeshContents.cs'
Asset path could not be found for script compilation file '/Assets/Library/RealtimeCSG/Plugins/API/Foundation/Runtime/GeneratedMeshDescription.cs'
Asset path could not be found for script compilation file '/Assets/Library/RealtimeCSG/Plugins/API/Foundation/Runtime/MeshQuery.cs'
Asset path could not be found for script compilation file '/Assets/Library/RealtimeCSG/Plugins/API/Foundation/Runtime/SurfaceLayers.cs'
Asset path could not be found for script compilation file '/Assets/Library/RealtimeCSG/Plugins/API/Legacy/Editor/BrushFactory.cs'
Asset path could not be found for script compilation file '/Assets/Library/RealtimeCSG/Plugins/API/Legacy/Editor/BrushFactory.Legacy.cs'
Asset path could not be found for script compilation file '/Assets/Library/RealtimeCSG/Plugins/API/Legacy/Runtime/ControlMesh.cs'
Asset path could not be found for script compilation file '/Assets/Library/RealtimeCSG/Plugins/API/Legacy/Runtime/CSGPlane.cs'
Asset path could not be found for script compilation file '/Assets/Library/RealtimeCSG/Plugins/API/Legacy/Runtime/Shape.cs'
Asset path could not be found for script compilation file '/Assets/Library/RealtimeCSG/Plugins/API/Legacy/Runtime/Surface.cs'
Asset path could not be found for script compilation file '/Assets/Library/RealtimeCSG/Plugins/API/Legacy/Runtime/TexGen.cs'
Asset path could not be found for script compilation file '/Assets/Scripts/ConvertToCSG.cs'
Asset path could not be found for script compilation file '/Assets/Scripts/CSGModelUtility.cs'
- Loaded All Assemblies, in  0.992 seconds
Refreshing native plugins compatible for Editor in 1.00 ms, found 4 plugins.
Native extension for Android target not found
Native extension for UWP target not found
Native extension for WindowsStandalone target not found
Native extension for WebGL target not found
Package Manager log level set to [2]
[Package Manager] Failed to launch server process. Reason: Unity was launched with the -noUpm command-line argument
[Package Manager] Unable to send message (not connected to server process).
[Package Manager] Cannot connect to Unity Package Manager local server
Mono: successfully reloaded assembly
- Finished resetting the current domain, in  0.940 seconds
Domain Reload Profiling: 1928ms
	BeginReloadAssembly (175ms)
		ExecutionOrderSort (0ms)
		DisableScriptedObjects (9ms)
		BackupInstance (0ms)
		ReleaseScriptingObjects (0ms)
		CreateAndSetChildDomain (29ms)
	RebuildCommonClasses (38ms)
	RebuildNativeTypeToScriptingClass (12ms)
	initialDomainReloadingComplete (38ms)
	LoadAllAssembliesAndSetupDomain (725ms)
		LoadAssemblies (593ms)
		RebuildTransferFunctionScriptingTraits (0ms)
		AnalyzeDomain (228ms)
			TypeCache.Refresh (168ms)
				TypeCache.ScanAssembly (153ms)
			BuildScriptInfoCaches (46ms)
			ResolveRequiredComponents (10ms)
	FinalizeReload (941ms)
		ReleaseScriptCaches (0ms)
		RebuildScriptCaches (0ms)
		SetupLoadedEditorAssemblies (706ms)
			LogAssemblyErrors (0ms)
			InitializePlatformSupportModulesInManaged (11ms)
			SetLoadedEditorAssemblies (5ms)
			BeforeProcessingInitializeOnLoad (197ms)
			ProcessInitializeOnLoadAttributes (418ms)
			ProcessInitializeOnLoadMethodAttributes (68ms)
			AfterProcessingInitializeOnLoad (8ms)
			EditorAssembliesLoaded (0ms)
		ExecutionOrderSort2 (0ms)
		AwakeInstancesAfterBackupRestoration (8ms)
Launched and connected shader compiler UnityShaderCompiler.exe after 0.01 seconds
Refreshing native plugins compatible for Editor in 1.36 ms, found 4 plugins.
Preloading 0 native plugins for Editor in 0.00 ms.
Unloading 16 Unused Serialized files (Serialized files now loaded: 0)
Unloading 6477 unused Assets / (4.7 MB). Loaded Objects now: 7294.
Memory consumption went from 148.4 MB to 143.7 MB.
Total: 9.701800 ms (FindLiveObjects: 0.627900 ms CreateObjectMapping: 0.713600 ms MarkObjects: 6.551700 ms  DeleteObjects: 1.807300 ms)

