[Licensing::Module] Trying to connect to existing licensing client channel...
Built from '6000.3/staging' branch; Version is '6000.3.3f1 (ef04196de0d6) revision 15664153'; Using compiler version '194234433'; Build Type 'Release'
OS: 'Windows 11  (10.0.26100) 64bit Core' Language: 'en' Physical Memory: 16125 MB
[Licensing::IpcConnector] Successfully connected to: "LicenseClient-PC" at "2026-01-30T11:50:19.1217606Z"
BatchMode: 1, IsHumanControllingUs: 0, StartBugReporterOnCrash: 0, Is64bit: 1
Date: 2026-01-30T11:50:19Z

COMMAND LINE ARGUMENTS:
C:\Program Files\Unity\Hub\Editor\6000.3.3f1\Editor\Unity.exe
-adb2
-batchMode
-noUpm
-name
AssetImportWorker1
-projectPath
C:/repos/GGJ2026/GGJ2026
-logFile
Logs/AssetImportWorker1.log
-srvPort
63833
-job-worker-count
5
-background-job-worker-count
8
-gc-helper-count
1
-name
AssetImport
Successfully changed project path to: C:/repos/GGJ2026/GGJ2026
C:/repos/GGJ2026/GGJ2026
[UnityMemory] Configuration Parameters - Can be set up in boot.config
    "memorysetup-temp-allocator-size-nav-mesh-worker=65536"
    "memorysetup-temp-allocator-size-audio-worker=65536"
    "memorysetup-temp-allocator-size-gfx=262144"
    "memorysetup-allocator-temp-initial-block-size-main=262144"
    "memorysetup-allocator-temp-initial-block-size-worker=262144"
    "memorysetup-temp-allocator-size-background-worker=32768"
    "memorysetup-temp-allocator-size-job-worker=262144"
    "memorysetup-temp-allocator-size-preload-manager=33554432"
    "memorysetup-temp-allocator-size-gi-baking-worker=262144"
    "memorysetup-temp-allocator-size-gi-baking-worker=262144"
    "memorysetup-temp-allocator-size-gi-baking-worker=262144"
    "memorysetup-temp-allocator-size-gi-baking-worker=262144"
    "memorysetup-temp-allocator-size-gi-baking-worker=262144"
    "memorysetup-bucket-allocator-granularity=16"
    "memorysetup-bucket-allocator-bucket-count=8"
    "memorysetup-bucket-allocator-block-size=33554432"
    "memorysetup-bucket-allocator-block-count=8"
    "memorysetup-main-allocator-block-size=16777216"
    "memorysetup-thread-allocator-block-size=16777216"
    "memorysetup-gfx-main-allocator-block-size=16777216"
    "memorysetup-gfx-thread-allocator-block-size=16777216"
    "memorysetup-cache-allocator-block-size=4194304"
    "memorysetup-typetree-allocator-block-size=2097152"
    "memorysetup-profiler-bucket-allocator-granularity=16"
    "memorysetup-profiler-bucket-allocator-bucket-count=8"
    "memorysetup-profiler-bucket-allocator-block-size=33554432"
    "memorysetup-profiler-bucket-allocator-block-count=8"
    "memorysetup-profiler-allocator-block-size=16777216"
    "memorysetup-profiler-editor-allocator-block-size=1048576"
    "memorysetup-temp-allocator-size-main=16777216"
    "memorysetup-job-temp-allocator-block-size=2097152"
    "memorysetup-job-temp-allocator-block-size-background=1048576"
    "memorysetup-job-temp-allocator-reduction-small-platforms=262144"
    "memorysetup-temp-allocator-size-cloud-worker=32768"
Player connection [27576]  Target information:

Player connection [27576]  * "[IP] 26.106.143.127 [Port] 0 [Flags] 2 [Guid] 2693595119 [EditorId] 2693595119 [Version] 1048832 [Id] WindowsEditor(7,DESKTOP-CUTI0NB) [Debug] 1 [PackageName] WindowsEditor [ProjectName] Editor" 

Player connection [27576]  * "[IP] 10.30.8.113 [Port] 0 [Flags] 2 [Guid] 2693595119 [EditorId] 2693595119 [Version] 1048832 [Id] WindowsEditor(7,DESKTOP-CUTI0NB) [Debug] 1 [PackageName] WindowsEditor [ProjectName] Editor" 

Player connection [27576] Host joined multi-casting on [225.0.0.222:54997]...
Player connection [27576] Host joined alternative multi-casting on [225.0.0.222:34997]...
JobSystem: Creating JobQueue using job-worker-count value 5
Input System module state changed to: Initialized.
[Physics::Module] Initialized fallback backend.
[Physics::Module] Id: 0xdecafbad
Library Redirect Path: Library/
[Physics::Module] Selected backend.
[Physics::Module] Name: PhysX
[Physics::Module] Id: 0xf2b8ea05
[Physics::Module] SDK Version: 4.1.2
[Physics::Module] Integration Version: 1.0.0
[Physics::Module] Threading Mode: Multi-Threaded
Refreshing native plugins compatible for Editor in 3.36 ms, found 3 plugins.
Preloading 0 native plugins for Editor in 0.00 ms.
Initialize engine version: 6000.3.3f1 (ef04196de0d6)
[Subsystems] Discovering subsystems at path C:/Program Files/Unity/Hub/Editor/6000.3.3f1/Editor/Data/Resources/UnitySubsystems
[Subsystems] Discovering subsystems at path C:/repos/GGJ2026/GGJ2026/Assets
GfxDevice: creating device client; kGfxThreadingModeNonThreaded
Direct3D:
    Version:  Direct3D 11.0 [level 11.1]
    Renderer: NVIDIA GeForce GTX 1650 (ID=0x1f0a)
    Vendor:   NVIDIA
    VRAM:     3935 MB
    Driver:   32.0.15.8157
Initialize mono
Mono path[0] = 'C:/Program Files/Unity/Hub/Editor/6000.3.3f1/Editor/Data/Managed'
Mono path[1] = 'C:/Program Files/Unity/Hub/Editor/6000.3.3f1/Editor/Data/MonoBleedingEdge/lib/mono/unityjit-win32'
Mono config path = 'C:/Program Files/Unity/Hub/Editor/6000.3.3f1/Editor/Data/MonoBleedingEdge/etc'
Using monoOptions --debugger-agent=transport=dt_socket,embedding=1,server=y,suspend=n,address=127.0.0.1:56984
Begin MonoManager ReloadAssembly
Registering precompiled unity dll's ...
Register platform support module: C:/Program Files/Unity/Hub/Editor/6000.3.3f1/Editor/Data/PlaybackEngines/WebGLSupport/UnityEditor.WebGL.Extensions.dll
Register platform support module: C:/Program Files/Unity/Hub/Editor/6000.3.3f1/Editor/Data/PlaybackEngines/WindowsStandaloneSupport/UnityEditor.WindowsStandalone.Extensions.dll
[Licensing::Module] Licensing is not yet initialized.
[Licensing::Client] Error: HandshakeResponse reported an error:
	ResponseCode: 505
	ResponseStatus: Unsupported protocol version '1.17.4'.
[Licensing::Module] Error: Failed to handshake to channel: "LicenseClient-PC"
[Licensing::IpcConnector] LicenseClient-PC channel disconnected successfully.
[Licensing::IpcConnector] Successfully connected to: "LicenseClient-PC-6000.3.3" at "2026-01-30T11:50:21.4976374Z"
[Licensing::Client] Handshaking with LicensingClient:
  Version:                 1.17.4+4293ba1
  Session Id:              4282b3d380674abfb1d02bbf796d191f
  Correlation Id:          8e38b48a3ddaace891026c42e73ed2c9
  External correlation Id: 1344515886083233679
  Machine Id:              HDAllRFm983F7lSmkNyk3kVc0ZI=
[Licensing::Module] Successfully connected to LicensingClient on channel: "LicenseClient-PC-6000.3.3" (connect: 0.00s, validation: 0.00s, handshake: 2.58s)
[Licensing::IpcConnector] Successfully connected to: "LicenseClient-PC-6000.3.3-notifications" at "2026-01-30T11:50:24.0811777Z"
[Licensing::Module] Licensing Background thread has ended after 4.96s
[Licensing::Module] Licensing is initialized (took 4.07s).
[Licensing::Client] Successfully resolved entitlement details
[Licensing::Module] License group:
  Id: 18967509904522-UnityPersXXXX
  Product: Unity Personal
  Type: Assigned
  Expiration: Unlimited
Register platform support module: C:/Program Files/Unity/Hub/Editor/6000.3.3f1/Editor/Data/PlaybackEngines/MetroSupport/UnityEditor.UWP.Extensions.dll
[Licensing::Client] Successfully resolved entitlement details
Register platform support module: C:/Program Files/Unity/Hub/Editor/6000.3.3f1/Editor/Data/PlaybackEngines/AndroidPlayer/UnityEditor.Android.Extensions.dll
Registered in 4.082472 seconds.
- Loaded All Assemblies, in  4.626 seconds
Native extension for Android target not found
Android Extension - Scanning For ADB Devices 280 ms
Native extension for UWP target not found
Native extension for WindowsStandalone target not found
Native extension for WebGL target not found
Mono: successfully reloaded assembly
- Finished resetting the current domain, in  0.881 seconds
Domain Reload Profiling: 5504ms
	BeginReloadAssembly (169ms)
		ExecutionOrderSort (0ms)
		DisableScriptedObjects (0ms)
		BackupInstance (0ms)
		ReleaseScriptingObjects (0ms)
		CreateAndSetChildDomain (1ms)
	RebuildCommonClasses (53ms)
	RebuildNativeTypeToScriptingClass (17ms)
	initialDomainReloadingComplete (4142ms)
	LoadAllAssembliesAndSetupDomain (242ms)
		LoadAssemblies (167ms)
		RebuildTransferFunctionScriptingTraits (0ms)
		AnalyzeDomain (236ms)
			TypeCache.Refresh (233ms)
				TypeCache.ScanAssembly (216ms)
			BuildScriptInfoCaches (0ms)
			ResolveRequiredComponents (1ms)
	FinalizeReload (881ms)
		ReleaseScriptCaches (0ms)
		RebuildScriptCaches (0ms)
		SetupLoadedEditorAssemblies (822ms)
			LogAssemblyErrors (0ms)
			InitializePlatformSupportModulesInManaged (398ms)
			SetLoadedEditorAssemblies (7ms)
			BeforeProcessingInitializeOnLoad (130ms)
			ProcessInitializeOnLoadAttributes (184ms)
			ProcessInitializeOnLoadMethodAttributes (103ms)
			AfterProcessingInitializeOnLoad (0ms)
			EditorAssembliesLoaded (0ms)
		ExecutionOrderSort2 (0ms)
		AwakeInstancesAfterBackupRestoration (0ms)
========================================================================
Worker process is ready to serve import requests
Import Worker Mode flag is 0x00
Begin MonoManager ReloadAssembly
[Licensing::Client] Successfully resolved entitlement details
- Loaded All Assemblies, in  1.205 seconds
Refreshing native plugins compatible for Editor in 1.15 ms, found 3 plugins.
Native extension for Android target not found
Native extension for UWP target not found
Native extension for WindowsStandalone target not found
Native extension for WebGL target not found
Package Manager log level set to [2]
[Package Manager] Failed to launch server process. Reason: Unity was launched with the -noUpm command-line argument
[Package Manager] Unable to send message (not connected to server process).
[Package Manager] Cannot connect to Unity Package Manager local server
Mono: successfully reloaded assembly
- Finished resetting the current domain, in  1.167 seconds
Domain Reload Profiling: 2365ms
	BeginReloadAssembly (242ms)
		ExecutionOrderSort (0ms)
		DisableScriptedObjects (9ms)
		BackupInstance (0ms)
		ReleaseScriptingObjects (0ms)
		CreateAndSetChildDomain (43ms)
	RebuildCommonClasses (53ms)
	RebuildNativeTypeToScriptingClass (17ms)
	initialDomainReloadingComplete (50ms)
	LoadAllAssembliesAndSetupDomain (835ms)
		LoadAssemblies (623ms)
		RebuildTransferFunctionScriptingTraits (0ms)
		AnalyzeDomain (341ms)
			TypeCache.Refresh (257ms)
				TypeCache.ScanAssembly (233ms)
			BuildScriptInfoCaches (66ms)
			ResolveRequiredComponents (12ms)
	FinalizeReload (1168ms)
		ReleaseScriptCaches (0ms)
		RebuildScriptCaches (0ms)
		SetupLoadedEditorAssemblies (913ms)
			LogAssemblyErrors (0ms)
			InitializePlatformSupportModulesInManaged (13ms)
			SetLoadedEditorAssemblies (7ms)
			BeforeProcessingInitializeOnLoad (287ms)
			ProcessInitializeOnLoadAttributes (506ms)
			ProcessInitializeOnLoadMethodAttributes (91ms)
			AfterProcessingInitializeOnLoad (8ms)
			EditorAssembliesLoaded (0ms)
		ExecutionOrderSort2 (0ms)
		AwakeInstancesAfterBackupRestoration (7ms)
Launched and connected shader compiler UnityShaderCompiler.exe after 0.02 seconds
Refreshing native plugins compatible for Editor in 168.09 ms, found 3 plugins.
Preloading 0 native plugins for Editor in 0.00 ms.
Unloading 16 Unused Serialized files (Serialized files now loaded: 0)
Unloading 6184 unused Assets / (2.0 MB). Loaded Objects now: 6983.
Memory consumption went from 145.1 MB to 143.1 MB.
Total: 27.486200 ms (FindLiveObjects: 0.995600 ms CreateObjectMapping: 1.320100 ms MarkObjects: 21.462000 ms  DeleteObjects: 3.706300 ms)

========================================================================
Received Import Request.
  Time since last request: 668.961885 seconds.
  path: Packages/com.unity.inputsystem/InputSystem/Editor/Icons/d_Button@2x.png
  artifactKey: Guid(0962795d1cafc460b9027de55b1c0a80) Importer(815301076,1909f56bfc062723c751e8b465ee728b)
Start importing Packages/com.unity.inputsystem/InputSystem/Editor/Icons/d_Button@2x.png using Guid(0962795d1cafc460b9027de55b1c0a80) Importer(815301076,1909f56bfc062723c751e8b465ee728b) (PreviewImporter) -> (artifact id: '3ec5b4477db57aa50ee68d3b71f81c79') in 0.1077096 seconds
Number of updated asset objects reloaded before import = 0Number of asset objects unloaded after import = 2

========================================================================
Received Import Request.
  Time since last request: 0.000056 seconds.
  path: Packages/com.unity.inputsystem/InputSystem/Editor/Icons/d_ChevronDown@2x.png
  artifactKey: Guid(0068f400a72d84c92a1b8f5889a574b2) Importer(815301076,1909f56bfc062723c751e8b465ee728b)
Start importing Packages/com.unity.inputsystem/InputSystem/Editor/Icons/d_ChevronDown@2x.png using Guid(0068f400a72d84c92a1b8f5889a574b2) Importer(815301076,1909f56bfc062723c751e8b465ee728b) (PreviewImporter) -> (artifact id: '7b61a8ca65cf395ca177b9c338a11fe6') in 0.0153303 seconds
Number of updated asset objects reloaded before import = 0Number of asset objects unloaded after import = 2

========================================================================
Received Import Request.
  Time since last request: 0.000021 seconds.
  path: Packages/com.unity.inputsystem/InputSystem/Editor/Icons/d_Axis.png
  artifactKey: Guid(34f9452ba2ee14c0b9c976800caef571) Importer(815301076,1909f56bfc062723c751e8b465ee728b)
Start importing Packages/com.unity.inputsystem/InputSystem/Editor/Icons/d_Axis.png using Guid(34f9452ba2ee14c0b9c976800caef571) Importer(815301076,1909f56bfc062723c751e8b465ee728b) (PreviewImporter) -> (artifact id: 'ac6fe8cc2315fc6bba097a137128cd6e') in 0.0162639 seconds
Number of updated asset objects reloaded before import = 0Number of asset objects unloaded after import = 2

========================================================================
Received Import Request.
  Time since last request: 0.000020 seconds.
  path: Packages/com.unity.inputsystem/InputSystem/Editor/Icons/Add Binding@2x.png
  artifactKey: Guid(bb5fa99d6e9434c9ebf101c956021ee1) Importer(815301076,1909f56bfc062723c751e8b465ee728b)
Start importing Packages/com.unity.inputsystem/InputSystem/Editor/Icons/Add Binding@2x.png using Guid(bb5fa99d6e9434c9ebf101c956021ee1) Importer(815301076,1909f56bfc062723c751e8b465ee728b) (PreviewImporter) -> (artifact id: 'ff19f1774b69afe663d138c3902c2b60') in 0.0199035 seconds
Number of updated asset objects reloaded before import = 0Number of asset objects unloaded after import = 2

========================================================================
Received Import Request.
  Time since last request: 0.000023 seconds.
  path: Packages/com.unity.inputsystem/InputSystem/Editor/Icons/d_Add Binding.png
  artifactKey: Guid(a4bbff684804d4c84b61cd0256cd2360) Importer(815301076,1909f56bfc062723c751e8b465ee728b)
Start importing Packages/com.unity.inputsystem/InputSystem/Editor/Icons/d_Add Binding.png using Guid(a4bbff684804d4c84b61cd0256cd2360) Importer(815301076,1909f56bfc062723c751e8b465ee728b) (PreviewImporter) -> (artifact id: 'b1a8e2de1748d3f6090ac2651250b8ab') in 0.0192164 seconds
Number of updated asset objects reloaded before import = 0Number of asset objects unloaded after import = 2

========================================================================
Received Import Request.
  Time since last request: 0.000047 seconds.
  path: Packages/com.unity.inputsystem/InputSystem/Editor/Icons/d_ChevronDown.png
  artifactKey: Guid(06ad495fb07444736b59782982d96250) Importer(815301076,1909f56bfc062723c751e8b465ee728b)
Start importing Packages/com.unity.inputsystem/InputSystem/Editor/Icons/d_ChevronDown.png using Guid(06ad495fb07444736b59782982d96250) Importer(815301076,1909f56bfc062723c751e8b465ee728b) (PreviewImporter) -> (artifact id: 'cc418bedfdc769ba371a49ede9faea7c') in 0.0894017 seconds
Number of updated asset objects reloaded before import = 0Number of asset objects unloaded after import = 2

========================================================================
Received Import Request.
  Time since last request: 0.000048 seconds.
  path: Packages/com.unity.inputsystem/InputSystem/Editor/Icons/Axis.png
  artifactKey: Guid(7e853779c8fed4ebf917a0de21c79602) Importer(815301076,1909f56bfc062723c751e8b465ee728b)
Start importing Packages/com.unity.inputsystem/InputSystem/Editor/Icons/Axis.png using Guid(7e853779c8fed4ebf917a0de21c79602) Importer(815301076,1909f56bfc062723c751e8b465ee728b) (PreviewImporter) -> (artifact id: '9979d51053cbf79b6739414e15bbe83e') in 0.0457118 seconds
Number of updated asset objects reloaded before import = 0Number of asset objects unloaded after import = 2

========================================================================
Received Import Request.
  Time since last request: 0.000033 seconds.
  path: Packages/com.unity.inputsystem/InputSystem/Editor/Icons/d_Button.png
  artifactKey: Guid(0309256f03c114697813e2296f0a1f18) Importer(815301076,1909f56bfc062723c751e8b465ee728b)
Start importing Packages/com.unity.inputsystem/InputSystem/Editor/Icons/d_Button.png using Guid(0309256f03c114697813e2296f0a1f18) Importer(815301076,1909f56bfc062723c751e8b465ee728b) (PreviewImporter) -> (artifact id: 'ce216a0fbd44f4b0de7d2bb098793e1b') in 0.0194006 seconds
Number of updated asset objects reloaded before import = 0Number of asset objects unloaded after import = 2

========================================================================
Received Import Request.
  Time since last request: 0.000040 seconds.
  path: Packages/com.unity.inputsystem/InputSystem/Editor/Icons/d_ChevronUp@2x.png
  artifactKey: Guid(a89bfcdeffde84e7ebf930d44b695435) Importer(815301076,1909f56bfc062723c751e8b465ee728b)
Start importing Packages/com.unity.inputsystem/InputSystem/Editor/Icons/d_ChevronUp@2x.png using Guid(a89bfcdeffde84e7ebf930d44b695435) Importer(815301076,1909f56bfc062723c751e8b465ee728b) (PreviewImporter) -> (artifact id: '6d9a9329c4cc591f7121c5a9e21b78db') in 0.0269763 seconds
Number of updated asset objects reloaded before import = 0Number of asset objects unloaded after import = 2

========================================================================
Received Import Request.
  Time since last request: 0.000021 seconds.
  path: Packages/com.unity.inputsystem/InputSystem/Editor/Icons/d_ChevronUp@3x.png
  artifactKey: Guid(0efecba65ae4341a385cd5d39a2af765) Importer(815301076,1909f56bfc062723c751e8b465ee728b)
Start importing Packages/com.unity.inputsystem/InputSystem/Editor/Icons/d_ChevronUp@3x.png using Guid(0efecba65ae4341a385cd5d39a2af765) Importer(815301076,1909f56bfc062723c751e8b465ee728b) (PreviewImporter) -> (artifact id: '6420d617ed08fd65615facf2ebf41cc4') in 0.0084765 seconds
Number of updated asset objects reloaded before import = 0Number of asset objects unloaded after import = 2

========================================================================
Received Import Request.
  Time since last request: 0.000018 seconds.
  path: Packages/com.unity.inputsystem/InputSystem/Editor/Icons/Axis@2x.png
  artifactKey: Guid(d0006d51a864248adba0238883f8c71e) Importer(815301076,1909f56bfc062723c751e8b465ee728b)
Start importing Packages/com.unity.inputsystem/InputSystem/Editor/Icons/Axis@2x.png using Guid(d0006d51a864248adba0238883f8c71e) Importer(815301076,1909f56bfc062723c751e8b465ee728b) (PreviewImporter) -> (artifact id: 'c517f3e7bf1c554b1b3f4314091643c2') in 0.0224007 seconds
Number of updated asset objects reloaded before import = 0Number of asset objects unloaded after import = 2

========================================================================
Received Import Request.
  Time since last request: 0.000030 seconds.
  path: Packages/com.unity.inputsystem/InputSystem/Editor/Icons/d_ChevronUp.png
  artifactKey: Guid(7fad89501bb5c408e956934bf2eb8ae3) Importer(815301076,1909f56bfc062723c751e8b465ee728b)
Start importing Packages/com.unity.inputsystem/InputSystem/Editor/Icons/d_ChevronUp.png using Guid(7fad89501bb5c408e956934bf2eb8ae3) Importer(815301076,1909f56bfc062723c751e8b465ee728b) (PreviewImporter) -> (artifact id: '9773a752c426e8b6d715acfd6710212e') in 0.0222507 seconds
Number of updated asset objects reloaded before import = 0Number of asset objects unloaded after import = 2

========================================================================
Received Import Request.
  Time since last request: 81.932682 seconds.
  path: Assets/Readme.asset
  artifactKey: Guid(8105016687592461f977c054a80ce2f2) Importer(815301076,1909f56bfc062723c751e8b465ee728b)
Start importing Assets/Readme.asset using Guid(8105016687592461f977c054a80ce2f2) Importer(815301076,1909f56bfc062723c751e8b465ee728b) (PreviewImporter) -> (artifact id: '50ea5ad2cda8720781b90d71f311d8d1') in 0.0036925 seconds
Number of updated asset objects reloaded before import = 0Number of asset objects unloaded after import = 2

========================================================================
Received Import Request.
  Time since last request: 0.000018 seconds.
  path: Assets/InputSystem_Actions.inputactions
  artifactKey: Guid(052faaac586de48259a63d0c4782560b) Importer(2089858483,b0f066a214c2f5e87bad3c948f4d605d)
Start importing Assets/InputSystem_Actions.inputactions using Guid(052faaac586de48259a63d0c4782560b) Importer(2089858483,b0f066a214c2f5e87bad3c948f4d605d) (ScriptedImporter) -> (artifact id: 'baed1297755256e7c7436b7d844ebc67') in 0.3068919 seconds
Number of updated asset objects reloaded before import = 0Number of asset objects unloaded after import = 22

========================================================================
Received Import Request.
  Time since last request: 9.749945 seconds.
  path: Assets/Scenes/SampleScene.unity
  artifactKey: Guid(99c9720ab356a0642a771bea13969a05) Importer(2089858483,b0f066a214c2f5e87bad3c948f4d605d)
Start importing Assets/Scenes/SampleScene.unity using Guid(99c9720ab356a0642a771bea13969a05) Importer(2089858483,b0f066a214c2f5e87bad3c948f4d605d) (ScriptedImporter) -> (artifact id: '7bb78da133c598d5253a5588f925abf8') in 0.0204271 seconds
Number of updated asset objects reloaded before import = 1Number of asset objects unloaded after import = 1

========================================================================
Received Import Request.
  Time since last request: 0.000013 seconds.
  path: Assets/TutorialInfo/Layout.wlt
  artifactKey: Guid(eabc9546105bf4accac1fd62a63e88e6) Importer(2089858483,b0f066a214c2f5e87bad3c948f4d605d)
Start importing Assets/TutorialInfo/Layout.wlt using Guid(eabc9546105bf4accac1fd62a63e88e6) Importer(2089858483,b0f066a214c2f5e87bad3c948f4d605d) (ScriptedImporter) -> (artifact id: '245a8da90a6aba8fc831ae00a79e42ad') in 0.0114524 seconds
Number of updated asset objects reloaded before import = 0Number of asset objects unloaded after import = 1

========================================================================
Received Import Request.
  Time since last request: 0.000014 seconds.
  path: Assets/Settings/UniversalRenderPipelineGlobalSettings.asset
  artifactKey: Guid(18dc0cd2c080841dea60987a38ce93fa) Importer(2089858483,b0f066a214c2f5e87bad3c948f4d605d)
Start importing Assets/Settings/UniversalRenderPipelineGlobalSettings.asset using Guid(18dc0cd2c080841dea60987a38ce93fa) Importer(2089858483,b0f066a214c2f5e87bad3c948f4d605d) (ScriptedImporter) -> (artifact id: '956999bd0585cb54f379f1c2f6c627f8') in 0.1065681 seconds
Number of updated asset objects reloaded before import = 0Number of asset objects unloaded after import = 0

========================================================================
Received Import Request.
  Time since last request: 0.000017 seconds.
  path: Assets/TutorialInfo/Icons/URP.png
  artifactKey: Guid(727a75301c3d24613a3ebcec4a24c2c8) Importer(2089858483,b0f066a214c2f5e87bad3c948f4d605d)
Start importing Assets/TutorialInfo/Icons/URP.png using Guid(727a75301c3d24613a3ebcec4a24c2c8) Importer(2089858483,b0f066a214c2f5e87bad3c948f4d605d) (ScriptedImporter) -> (artifact id: 'ed5dfae613e68f604f00ea852616ffa2') in 0.0631697 seconds
Number of updated asset objects reloaded before import = 0Number of asset objects unloaded after import = 1

========================================================================
Received Prepare
Refreshing native plugins compatible for Editor in 0.93 ms, found 3 plugins.
Preloading 0 native plugins for Editor in 0.00 ms.
Unloading 16 Unused Serialized files (Serialized files now loaded: 0)
Unloading 6274 unused Assets / (4.2 MB). Loaded Objects now: 7090.
Memory consumption went from 144.8 MB to 140.6 MB.
Total: 10.675800 ms (FindLiveObjects: 0.551000 ms CreateObjectMapping: 0.530300 ms MarkObjects: 7.879400 ms  DeleteObjects: 1.714000 ms)

Prepare: number of updated asset objects reloaded= 0
========================================================================
Received Import Request.
  Time since last request: 315.516652 seconds.
  path: Assets/GabUnityUtility/Scripts/Features/Navigation/NavmeshPhysicsAgent.cs
  artifactKey: Guid(a02432536147578428de346b922bfd39) Importer(2089858483,b0f066a214c2f5e87bad3c948f4d605d)
Start importing Assets/GabUnityUtility/Scripts/Features/Navigation/NavmeshPhysicsAgent.cs using Guid(a02432536147578428de346b922bfd39) Importer(2089858483,b0f066a214c2f5e87bad3c948f4d605d) (ScriptedImporter) -> (artifact id: 'b72624909254e5a7ba2c7a9a1c764b71') in 0.0267544 seconds
Number of updated asset objects reloaded before import = 0Number of asset objects unloaded after import = 0

========================================================================
Received Import Request.
  Time since last request: 0.000025 seconds.
  path: Assets/GabUnityUtility/Scripts/Features/Audio/AudioOneShotter.cs
  artifactKey: Guid(086602b252c013a4780d5011137c4c99) Importer(2089858483,b0f066a214c2f5e87bad3c948f4d605d)
Start importing Assets/GabUnityUtility/Scripts/Features/Audio/AudioOneShotter.cs using Guid(086602b252c013a4780d5011137c4c99) Importer(2089858483,b0f066a214c2f5e87bad3c948f4d605d) (ScriptedImporter) -> (artifact id: '55bf2e9a13af2b7a7df671fd4182f0aa') in 0.0149407 seconds
Number of updated asset objects reloaded before import = 0Number of asset objects unloaded after import = 0

========================================================================
Received Import Request.
  Time since last request: 0.000019 seconds.
  path: Assets/GabUnityUtility/Vfx/VOiD1 Gaming - Forcefiled Shader Unity URP/Force Field Patterns/Force_Field_Pattern_Voronoi_Tile.png
  artifactKey: Guid(e3501b3a46989804dbaf3d81d51ab0ca) Importer(2089858483,b0f066a214c2f5e87bad3c948f4d605d)
Start importing Assets/GabUnityUtility/Vfx/VOiD1 Gaming - Forcefiled Shader Unity URP/Force Field Patterns/Force_Field_Pattern_Voronoi_Tile.png using Guid(e3501b3a46989804dbaf3d81d51ab0ca) Importer(2089858483,b0f066a214c2f5e87bad3c948f4d605d) (ScriptedImporter) -> (artifact id: '3e7383f69795a564ce73de17146fc088') in 0.0266671 seconds
Number of updated asset objects reloaded before import = 0Number of asset objects unloaded after import = 1

========================================================================
Received Import Request.
  Time since last request: 0.000025 seconds.
  path: Assets/GabUnityUtility/Vfx/VOiD1 Gaming - Forcefiled Shader Unity URP/Force Field Patterns/Force_Field_Pattern_Voronoi_Pattern.png
  artifactKey: Guid(4e7e8b47db3e74744a4f63755d8fa214) Importer(2089858483,b0f066a214c2f5e87bad3c948f4d605d)
Start importing Assets/GabUnityUtility/Vfx/VOiD1 Gaming - Forcefiled Shader Unity URP/Force Field Patterns/Force_Field_Pattern_Voronoi_Pattern.png using Guid(4e7e8b47db3e74744a4f63755d8fa214) Importer(2089858483,b0f066a214c2f5e87bad3c948f4d605d) (ScriptedImporter) -> (artifact id: '8098c84e13909a3952cc1c3e9e631fee') in 0.0227051 seconds
Number of updated asset objects reloaded before import = 0Number of asset objects unloaded after import = 1

========================================================================
Received Import Request.
  Time since last request: 0.000030 seconds.
  path: Assets/GabUnityUtility/Scripts/Features/Dialogue/DialogueActionRequest.cs
  artifactKey: Guid(962896d7efc354041aac892a06ce6a7c) Importer(2089858483,b0f066a214c2f5e87bad3c948f4d605d)
Start importing Assets/GabUnityUtility/Scripts/Features/Dialogue/DialogueActionRequest.cs using Guid(962896d7efc354041aac892a06ce6a7c) Importer(2089858483,b0f066a214c2f5e87bad3c948f4d605d) (ScriptedImporter) -> (artifact id: '3524a66d505ddc0f9b4a542cda14d496') in 0.013467 seconds
Number of updated asset objects reloaded before import = 0Number of asset objects unloaded after import = 0

========================================================================
Received Import Request.
  Time since last request: 0.000015 seconds.
  path: Assets/GabUnityUtility/Vfx/VOiD1 Gaming - Forcefiled Shader Unity URP/Force Field Patterns/Scanline Alpha Texture.png
  artifactKey: Guid(cca58595a5918984f8e3cc829d8b2b15) Importer(2089858483,b0f066a214c2f5e87bad3c948f4d605d)
Start importing Assets/GabUnityUtility/Vfx/VOiD1 Gaming - Forcefiled Shader Unity URP/Force Field Patterns/Scanline Alpha Texture.png using Guid(cca58595a5918984f8e3cc829d8b2b15) Importer(2089858483,b0f066a214c2f5e87bad3c948f4d605d) (ScriptedImporter) -> (artifact id: '8c554deec3788433e46097e3c535715a') in 0.0209351 seconds
Number of updated asset objects reloaded before import = 0Number of asset objects unloaded after import = 1

========================================================================
Received Import Request.
  Time since last request: 0.000017 seconds.
  path: Assets/GabUnityUtility/Scripts/Features/Dialogue/CharacterSet.cs
  artifactKey: Guid(0ff5ca48e3ef5244fb4bc59c2b1e315a) Importer(2089858483,b0f066a214c2f5e87bad3c948f4d605d)
Start importing Assets/GabUnityUtility/Scripts/Features/Dialogue/CharacterSet.cs using Guid(0ff5ca48e3ef5244fb4bc59c2b1e315a) Importer(2089858483,b0f066a214c2f5e87bad3c948f4d605d) (ScriptedImporter) -> (artifact id: '2bd4eaf2e1be17f56e950f02979ca859') in 0.0133073 seconds
Number of updated asset objects reloaded before import = 0Number of asset objects unloaded after import = 0

========================================================================
Received Import Request.
  Time since last request: 0.000020 seconds.
  path: Assets/GabUnityUtility/Scripts/ActionBroadcaster/GenericBroadcastAction.cs
  artifactKey: Guid(e2c05bde6d21db64aa658d4e99de6d1e) Importer(2089858483,b0f066a214c2f5e87bad3c948f4d605d)
Start importing Assets/GabUnityUtility/Scripts/ActionBroadcaster/GenericBroadcastAction.cs using Guid(e2c05bde6d21db64aa658d4e99de6d1e) Importer(2089858483,b0f066a214c2f5e87bad3c948f4d605d) (ScriptedImporter) -> (artifact id: '60018a5809a63cb4dbb760ac520cef21') in 0.0125477 seconds
Number of updated asset objects reloaded before import = 0Number of asset objects unloaded after import = 0

========================================================================
Received Import Request.
  Time since last request: 0.000022 seconds.
  path: Assets/GabUnityUtility/Scripts/Features/LoadingScreen
  artifactKey: Guid(3b044e9b272393f4cbe8b6332e38573f) Importer(2089858483,b0f066a214c2f5e87bad3c948f4d605d)
Start importing Assets/GabUnityUtility/Scripts/Features/LoadingScreen using Guid(3b044e9b272393f4cbe8b6332e38573f) Importer(2089858483,b0f066a214c2f5e87bad3c948f4d605d) (ScriptedImporter) -> (artifact id: '6efc91d180a1375f21f62428c7456c50') in 0.0135388 seconds
Number of updated asset objects reloaded before import = 0Number of asset objects unloaded after import = 1

========================================================================
Received Import Request.
  Time since last request: 0.000029 seconds.
  path: Assets/GabUnityUtility/Scripts/Features/Movement/PositionSetter.cs
  artifactKey: Guid(047c20c951fb14849bfe744552c6ac74) Importer(2089858483,b0f066a214c2f5e87bad3c948f4d605d)
Start importing Assets/GabUnityUtility/Scripts/Features/Movement/PositionSetter.cs using Guid(047c20c951fb14849bfe744552c6ac74) Importer(2089858483,b0f066a214c2f5e87bad3c948f4d605d) (ScriptedImporter) -> (artifact id: 'ab09db5369d3aaadd51b85ab40ad05c7') in 0.0176061 seconds
Number of updated asset objects reloaded before import = 0Number of asset objects unloaded after import = 0

========================================================================
Received Import Request.
  Time since last request: 0.000018 seconds.
  path: Assets/GabUnityUtility/Scripts/Features
  artifactKey: Guid(0728dc7f5462d0947ad2b8bc2a078e27) Importer(2089858483,b0f066a214c2f5e87bad3c948f4d605d)
Start importing Assets/GabUnityUtility/Scripts/Features using Guid(0728dc7f5462d0947ad2b8bc2a078e27) Importer(2089858483,b0f066a214c2f5e87bad3c948f4d605d) (ScriptedImporter) -> (artifact id: '74bfe012e55ad35dd31ed8cebdb978bb') in 0.0130406 seconds
Number of updated asset objects reloaded before import = 0Number of asset objects unloaded after import = 1

========================================================================
Received Import Request.
  Time since last request: 0.000014 seconds.
  path: Assets/GabUnityUtility/Scripts/Features/Vfx/Lines/ArchedLine.cs
  artifactKey: Guid(de6fc80778e217141a871d9176714861) Importer(2089858483,b0f066a214c2f5e87bad3c948f4d605d)
Start importing Assets/GabUnityUtility/Scripts/Features/Vfx/Lines/ArchedLine.cs using Guid(de6fc80778e217141a871d9176714861) Importer(2089858483,b0f066a214c2f5e87bad3c948f4d605d) (ScriptedImporter) -> (artifact id: '280a3cf2b1a118e15ad8d9b8aedfca86') in 0.0154101 seconds
Number of updated asset objects reloaded before import = 0Number of asset objects unloaded after import = 0

========================================================================
Received Import Request.
  Time since last request: 0.000015 seconds.
  path: Assets/GabUnityUtility/Vfx/VOiD1 Gaming - Forcefiled Shader Unity URP/Shadergraph
  artifactKey: Guid(fdcc9cda446a78e408ee1831781de6d4) Importer(2089858483,b0f066a214c2f5e87bad3c948f4d605d)
Start importing Assets/GabUnityUtility/Vfx/VOiD1 Gaming - Forcefiled Shader Unity URP/Shadergraph using Guid(fdcc9cda446a78e408ee1831781de6d4) Importer(2089858483,b0f066a214c2f5e87bad3c948f4d605d) (ScriptedImporter) -> (artifact id: '6849615620cbc224f2a956e18b880aff') in 0.0118206 seconds
Number of updated asset objects reloaded before import = 0Number of asset objects unloaded after import = 1

========================================================================
Received Import Request.
  Time since last request: 0.000022 seconds.
  path: Assets/GabUnityUtility/Scripts/Features/Currency/CurrencyChangeInfo.cs
  artifactKey: Guid(b67a186bc6907984abc863d9723ec17f) Importer(2089858483,b0f066a214c2f5e87bad3c948f4d605d)
Start importing Assets/GabUnityUtility/Scripts/Features/Currency/CurrencyChangeInfo.cs using Guid(b67a186bc6907984abc863d9723ec17f) Importer(2089858483,b0f066a214c2f5e87bad3c948f4d605d) (ScriptedImporter) -> (artifact id: '45e5424b25dcf44d304fab3572f14a44') in 0.0160212 seconds
Number of updated asset objects reloaded before import = 0Number of asset objects unloaded after import = 0

========================================================================
Received Import Request.
  Time since last request: 0.000032 seconds.
  path: Assets/GabUnityUtility/Scripts/Data
  artifactKey: Guid(85078590202f9bf4183f004f32fd4da5) Importer(2089858483,b0f066a214c2f5e87bad3c948f4d605d)
Start importing Assets/GabUnityUtility/Scripts/Data using Guid(85078590202f9bf4183f004f32fd4da5) Importer(2089858483,b0f066a214c2f5e87bad3c948f4d605d) (ScriptedImporter) -> (artifact id: '93ea3d25a76739a8ed3eada4154d8045') in 0.0135286 seconds
Number of updated asset objects reloaded before import = 0Number of asset objects unloaded after import = 1

========================================================================
Received Import Request.
  Time since last request: 0.000017 seconds.
  path: Assets/GabUnityUtility/Scripts/Features/Health/ContactDamager.cs
  artifactKey: Guid(7f1f44deb833eb340b7f11de09cf9f09) Importer(2089858483,b0f066a214c2f5e87bad3c948f4d605d)
Start importing Assets/GabUnityUtility/Scripts/Features/Health/ContactDamager.cs using Guid(7f1f44deb833eb340b7f11de09cf9f09) Importer(2089858483,b0f066a214c2f5e87bad3c948f4d605d) (ScriptedImporter) -> (artifact id: 'df1acc5dfd870a017be850a87a5eadeb') in 0.0151961 seconds
Number of updated asset objects reloaded before import = 0Number of asset objects unloaded after import = 0

========================================================================
Received Import Request.
  Time since last request: 0.000016 seconds.
  path: Assets/GabUnityUtility/Scripts/Features/Status/AreaStatusGiver.cs
  artifactKey: Guid(2b63f1ea53ddb204fb14335ad6201e82) Importer(2089858483,b0f066a214c2f5e87bad3c948f4d605d)
Start importing Assets/GabUnityUtility/Scripts/Features/Status/AreaStatusGiver.cs using Guid(2b63f1ea53ddb204fb14335ad6201e82) Importer(2089858483,b0f066a214c2f5e87bad3c948f4d605d) (ScriptedImporter) -> (artifact id: '87f68b365ad76424b212121b86122113') in 0.014351 seconds
Number of updated asset objects reloaded before import = 0Number of asset objects unloaded after import = 0

========================================================================
Received Import Request.
  Time since last request: 0.000043 seconds.
  path: Assets/GabUnityUtility/Scripts/Data/ISingleton.cs
  artifactKey: Guid(073da7f09c9208a4fab18fbf279efa36) Importer(2089858483,b0f066a214c2f5e87bad3c948f4d605d)
Start importing Assets/GabUnityUtility/Scripts/Data/ISingleton.cs using Guid(073da7f09c9208a4fab18fbf279efa36) Importer(2089858483,b0f066a214c2f5e87bad3c948f4d605d) (ScriptedImporter) -> (artifact id: '3085572e354a213e88300436ad269c17') in 0.0144831 seconds
Number of updated asset objects reloaded before import = 0Number of asset objects unloaded after import = 0

========================================================================
Received Import Request.
  Time since last request: 0.000056 seconds.
  path: Assets/GabUnityUtility/Vfx/VOiD1 Gaming - Forcefiled Shader Unity URP/Force Field Patterns/Force_Field_Pattern_Triangle_Tile.png
  artifactKey: Guid(bd20747a66d67424db74d5874a906a00) Importer(2089858483,b0f066a214c2f5e87bad3c948f4d605d)
Start importing Assets/GabUnityUtility/Vfx/VOiD1 Gaming - Forcefiled Shader Unity URP/Force Field Patterns/Force_Field_Pattern_Triangle_Tile.png using Guid(bd20747a66d67424db74d5874a906a00) Importer(2089858483,b0f066a214c2f5e87bad3c948f4d605d) (ScriptedImporter) -> (artifact id: '7aacfc4ecc1e114487aa483f56f49781') in 0.0230538 seconds
Number of updated asset objects reloaded before import = 0Number of asset objects unloaded after import = 1

========================================================================
Received Import Request.
  Time since last request: 0.000033 seconds.
  path: Assets/GabUnityUtility/Scripts/Features/Health/HealthDrainer.cs
  artifactKey: Guid(317b9bab25ad3fc4ba9c57244bf91569) Importer(2089858483,b0f066a214c2f5e87bad3c948f4d605d)
Start importing Assets/GabUnityUtility/Scripts/Features/Health/HealthDrainer.cs using Guid(317b9bab25ad3fc4ba9c57244bf91569) Importer(2089858483,b0f066a214c2f5e87bad3c948f4d605d) (ScriptedImporter) -> (artifact id: '28cb90982c34e78d519417e1475bdeba') in 0.0231281 seconds
Number of updated asset objects reloaded before import = 0Number of asset objects unloaded after import = 0

========================================================================
Received Import Request.
  Time since last request: 0.000024 seconds.
  path: Assets/GabUnityUtility/Scripts/Features/Dialogue/Dialogue.cs
  artifactKey: Guid(72cbbb7fc8fa03649a76245c9bd49cf1) Importer(2089858483,b0f066a214c2f5e87bad3c948f4d605d)
Start importing Assets/GabUnityUtility/Scripts/Features/Dialogue/Dialogue.cs using Guid(72cbbb7fc8fa03649a76245c9bd49cf1) Importer(2089858483,b0f066a214c2f5e87bad3c948f4d605d) (ScriptedImporter) -> (artifact id: 'e208147db1c6ede64c9b45995bc6acd4') in 0.0123994 seconds
Number of updated asset objects reloaded before import = 0Number of asset objects unloaded after import = 0

========================================================================
Received Import Request.
  Time since last request: 0.000021 seconds.
  path: Assets/GabUnityUtility/Scripts/UI
  artifactKey: Guid(f38ebaec50becf347b7a40b11a7742c2) Importer(2089858483,b0f066a214c2f5e87bad3c948f4d605d)
Start importing Assets/GabUnityUtility/Scripts/UI using Guid(f38ebaec50becf347b7a40b11a7742c2) Importer(2089858483,b0f066a214c2f5e87bad3c948f4d605d) (ScriptedImporter) -> (artifact id: 'a9720a7d53428cd3ab704534840565cf') in 0.0137511 seconds
Number of updated asset objects reloaded before import = 0Number of asset objects unloaded after import = 1

========================================================================
Received Import Request.
  Time since last request: 0.000014 seconds.
  path: Assets/GabUnityUtility/Scripts/Features/Movement/PositionSmoothSetter.cs
  artifactKey: Guid(da382c4457895c24293a3c5513f9b5ce) Importer(2089858483,b0f066a214c2f5e87bad3c948f4d605d)
Start importing Assets/GabUnityUtility/Scripts/Features/Movement/PositionSmoothSetter.cs using Guid(da382c4457895c24293a3c5513f9b5ce) Importer(2089858483,b0f066a214c2f5e87bad3c948f4d605d) (ScriptedImporter) -> (artifact id: 'be62efde7980f197def1a4e496c5861c') in 0.0124118 seconds
Number of updated asset objects reloaded before import = 0Number of asset objects unloaded after import = 0

========================================================================
Received Import Request.
  Time since last request: 0.000024 seconds.
  path: Assets/GabUnityUtility/Scripts/Features/Status/StatusInfo.cs
  artifactKey: Guid(346c43b66ff04584bb29017318a2c4b9) Importer(2089858483,b0f066a214c2f5e87bad3c948f4d605d)
Start importing Assets/GabUnityUtility/Scripts/Features/Status/StatusInfo.cs using Guid(346c43b66ff04584bb29017318a2c4b9) Importer(2089858483,b0f066a214c2f5e87bad3c948f4d605d) (ScriptedImporter) -> (artifact id: '5b9bc733e1d72b0f10698534b7ddac55') in 0.0152831 seconds
Number of updated asset objects reloaded before import = 0Number of asset objects unloaded after import = 0

========================================================================
Received Import Request.
  Time since last request: 0.000028 seconds.
  path: Assets/GabUnityUtility/Scripts/Features/Movement
  artifactKey: Guid(5ebca9f5f9d8ac94387d2cc0a61216d3) Importer(2089858483,b0f066a214c2f5e87bad3c948f4d605d)
Start importing Assets/GabUnityUtility/Scripts/Features/Movement using Guid(5ebca9f5f9d8ac94387d2cc0a61216d3) Importer(2089858483,b0f066a214c2f5e87bad3c948f4d605d) (ScriptedImporter) -> (artifact id: '446d51fa2004997cbc3e787d9b369f16') in 0.0108256 seconds
Number of updated asset objects reloaded before import = 0Number of asset objects unloaded after import = 1

========================================================================
Received Import Request.
  Time since last request: 0.000015 seconds.
  path: Assets/GabUnityUtility/Scripts/Features/Audio/AudioDictionary.cs
  artifactKey: Guid(3a45b65e6aac08f45b6781d25406da73) Importer(2089858483,b0f066a214c2f5e87bad3c948f4d605d)
Start importing Assets/GabUnityUtility/Scripts/Features/Audio/AudioDictionary.cs using Guid(3a45b65e6aac08f45b6781d25406da73) Importer(2089858483,b0f066a214c2f5e87bad3c948f4d605d) (ScriptedImporter) -> (artifact id: 'aeec3a8d95cdc27329ed95ab97164a2c') in 0.0160836 seconds
Number of updated asset objects reloaded before import = 0Number of asset objects unloaded after import = 0

========================================================================
Received Import Request.
  Time since last request: 0.000021 seconds.
  path: Assets/GabUnityUtility/Scripts/Features/Status/StatusActioner.cs
  artifactKey: Guid(0b8a198f12a29ec47b4c7d37c37a8702) Importer(2089858483,b0f066a214c2f5e87bad3c948f4d605d)
Start importing Assets/GabUnityUtility/Scripts/Features/Status/StatusActioner.cs using Guid(0b8a198f12a29ec47b4c7d37c37a8702) Importer(2089858483,b0f066a214c2f5e87bad3c948f4d605d) (ScriptedImporter) -> (artifact id: '4d11fdf9b8bb8db308df4bbf063ac45c') in 0.0143928 seconds
Number of updated asset objects reloaded before import = 0Number of asset objects unloaded after import = 0

========================================================================
Received Import Request.
  Time since last request: 0.000019 seconds.
  path: Assets/GabUnityUtility/Scripts/UI/HealthBarManager.cs
  artifactKey: Guid(165bf287bb8a0014eaee747f708a67f2) Importer(2089858483,b0f066a214c2f5e87bad3c948f4d605d)
Start importing Assets/GabUnityUtility/Scripts/UI/HealthBarManager.cs using Guid(165bf287bb8a0014eaee747f708a67f2) Importer(2089858483,b0f066a214c2f5e87bad3c948f4d605d) (ScriptedImporter) -> (artifact id: '3d077206de323351e130223458ce4cba') in 0.0163519 seconds
Number of updated asset objects reloaded before import = 0Number of asset objects unloaded after import = 0

========================================================================
Received Import Request.
  Time since last request: 0.000024 seconds.
  path: Assets/GabUnityUtility/Vfx
  artifactKey: Guid(ce6595d6f635c75488aef7f6333866e7) Importer(2089858483,b0f066a214c2f5e87bad3c948f4d605d)
Start importing Assets/GabUnityUtility/Vfx using Guid(ce6595d6f635c75488aef7f6333866e7) Importer(2089858483,b0f066a214c2f5e87bad3c948f4d605d) (ScriptedImporter) -> (artifact id: '0629bd74da0b80a5f8e75f54807776b1') in 0.0165693 seconds
Number of updated asset objects reloaded before import = 0Number of asset objects unloaded after import = 1

========================================================================
Received Import Request.
  Time since last request: 0.000043 seconds.
  path: Assets/GabUnityUtility/Scripts/UI/PanelParent.cs
  artifactKey: Guid(7d2d6cafb5a71264dafd498bbe219b75) Importer(2089858483,b0f066a214c2f5e87bad3c948f4d605d)
Start importing Assets/GabUnityUtility/Scripts/UI/PanelParent.cs using Guid(7d2d6cafb5a71264dafd498bbe219b75) Importer(2089858483,b0f066a214c2f5e87bad3c948f4d605d) (ScriptedImporter) -> (artifact id: 'dae07c4f0035a855ef494e9d13860efe') in 0.0158564 seconds
Number of updated asset objects reloaded before import = 0Number of asset objects unloaded after import = 0

========================================================================
Received Import Request.
  Time since last request: 0.000017 seconds.
  path: Assets/GabUnityUtility/Scripts/Features/Proximity
  artifactKey: Guid(64686d948fa5f434d910af784914be1e) Importer(2089858483,b0f066a214c2f5e87bad3c948f4d605d)
Start importing Assets/GabUnityUtility/Scripts/Features/Proximity using Guid(64686d948fa5f434d910af784914be1e) Importer(2089858483,b0f066a214c2f5e87bad3c948f4d605d) (ScriptedImporter) -> (artifact id: '966654635559484dcaf44aa77626c4ad') in 0.0148024 seconds
Number of updated asset objects reloaded before import = 0Number of asset objects unloaded after import = 1

========================================================================
Received Import Request.
  Time since last request: 0.000018 seconds.
  path: Assets/GabUnityUtility/Scripts/Features/Vfx/ParticleEffectSequencer.cs
  artifactKey: Guid(62a60a2eb48cc8748a5e2f0264c912de) Importer(2089858483,b0f066a214c2f5e87bad3c948f4d605d)
Start importing Assets/GabUnityUtility/Scripts/Features/Vfx/ParticleEffectSequencer.cs using Guid(62a60a2eb48cc8748a5e2f0264c912de) Importer(2089858483,b0f066a214c2f5e87bad3c948f4d605d) (ScriptedImporter) -> (artifact id: '2435b6ae91cb17ef9e7e2a383012ddb0') in 0.0173595 seconds
Number of updated asset objects reloaded before import = 0Number of asset objects unloaded after import = 0

========================================================================
Received Import Request.
  Time since last request: 0.000018 seconds.
  path: Assets/GabUnityUtility/Scripts/Features/Status/ClosestStatusGiver.cs
  artifactKey: Guid(1782848dd2f28af46a61ce497a102a7d) Importer(2089858483,b0f066a214c2f5e87bad3c948f4d605d)
Start importing Assets/GabUnityUtility/Scripts/Features/Status/ClosestStatusGiver.cs using Guid(1782848dd2f28af46a61ce497a102a7d) Importer(2089858483,b0f066a214c2f5e87bad3c948f4d605d) (ScriptedImporter) -> (artifact id: 'a8f58be7efb61f9ac704d58cd97f0022') in 0.0128354 seconds
Number of updated asset objects reloaded before import = 0Number of asset objects unloaded after import = 0

========================================================================
Received Import Request.
  Time since last request: 0.000017 seconds.
  path: Assets/GabUnityUtility/Scripts/Features/Audio/AudioSourceExtensions.cs
  artifactKey: Guid(ccd38218a1a65b8439ec52d774aedf81) Importer(2089858483,b0f066a214c2f5e87bad3c948f4d605d)
Start importing Assets/GabUnityUtility/Scripts/Features/Audio/AudioSourceExtensions.cs using Guid(ccd38218a1a65b8439ec52d774aedf81) Importer(2089858483,b0f066a214c2f5e87bad3c948f4d605d) (ScriptedImporter) -> (artifact id: '80a46c3dec7c98e11555dd91cc01036a') in 0.0141419 seconds
Number of updated asset objects reloaded before import = 0Number of asset objects unloaded after import = 0

========================================================================
Received Import Request.
  Time since last request: 0.000057 seconds.
  path: Assets/GabUnityUtility/Scripts/Features/Vfx/Management/GlobalEffectDictionary.cs
  artifactKey: Guid(414f876310b653040bffdd6035b83039) Importer(2089858483,b0f066a214c2f5e87bad3c948f4d605d)
Start importing Assets/GabUnityUtility/Scripts/Features/Vfx/Management/GlobalEffectDictionary.cs using Guid(414f876310b653040bffdd6035b83039) Importer(2089858483,b0f066a214c2f5e87bad3c948f4d605d) (ScriptedImporter) -> (artifact id: 'c71bcba1eccf197c9acacef9d50c8d7f') in 0.0148039 seconds
Number of updated asset objects reloaded before import = 0Number of asset objects unloaded after import = 0

========================================================================
Received Import Request.
  Time since last request: 0.000018 seconds.
  path: Assets/GabUnityUtility/Vfx/VOiD1 Gaming - Forcefiled Shader Unity URP/Force Field Patterns/Force_Field_Pattern_Hexagon_Tile.png
  artifactKey: Guid(f86158da0b21a4b47846d134dab7f20e) Importer(2089858483,b0f066a214c2f5e87bad3c948f4d605d)
Start importing Assets/GabUnityUtility/Vfx/VOiD1 Gaming - Forcefiled Shader Unity URP/Force Field Patterns/Force_Field_Pattern_Hexagon_Tile.png using Guid(f86158da0b21a4b47846d134dab7f20e) Importer(2089858483,b0f066a214c2f5e87bad3c948f4d605d) (ScriptedImporter) -> (artifact id: '2ea0b1b45d97c4c92856421a32ca9d3f') in 0.0189332 seconds
Number of updated asset objects reloaded before import = 0Number of asset objects unloaded after import = 1

========================================================================
Received Import Request.
  Time since last request: 0.000017 seconds.
  path: Assets/Settings
  artifactKey: Guid(709f11a7f3c4041caa4ef136ea32d874) Importer(2089858483,b0f066a214c2f5e87bad3c948f4d605d)
Start importing Assets/Settings using Guid(709f11a7f3c4041caa4ef136ea32d874) Importer(2089858483,b0f066a214c2f5e87bad3c948f4d605d) (ScriptedImporter) -> (artifact id: '552baccc5e3029caed1c73daa4a654a4') in 0.0113013 seconds
Number of updated asset objects reloaded before import = 0Number of asset objects unloaded after import = 1

========================================================================
Received Prepare
Begin MonoManager ReloadAssembly
[Licensing::Client] Successfully resolved entitlement details
- Loaded All Assemblies, in  0.850 seconds
Refreshing native plugins compatible for Editor in 0.66 ms, found 3 plugins.
Native extension for Android target not found
Native extension for UWP target not found
Native extension for WindowsStandalone target not found
Native extension for WebGL target not found
[Package Manager] Failed to launch server process. Reason: Unity was launched with the -noUpm command-line argument
[Package Manager] Unable to send message (not connected to server process).
[Package Manager] Cannot connect to Unity Package Manager local server
Mono: successfully reloaded assembly
- Finished resetting the current domain, in  0.982 seconds
Domain Reload Profiling: 1831ms
	BeginReloadAssembly (237ms)
		ExecutionOrderSort (0ms)
		DisableScriptedObjects (7ms)
		BackupInstance (0ms)
		ReleaseScriptingObjects (0ms)
		CreateAndSetChildDomain (59ms)
	RebuildCommonClasses (41ms)
	RebuildNativeTypeToScriptingClass (17ms)
	initialDomainReloadingComplete (35ms)
	LoadAllAssembliesAndSetupDomain (519ms)
		LoadAssemblies (465ms)
		RebuildTransferFunctionScriptingTraits (0ms)
		AnalyzeDomain (164ms)
			TypeCache.Refresh (11ms)
				TypeCache.ScanAssembly (1ms)
			BuildScriptInfoCaches (136ms)
			ResolveRequiredComponents (13ms)
	FinalizeReload (982ms)
		ReleaseScriptCaches (0ms)
		RebuildScriptCaches (0ms)
		SetupLoadedEditorAssemblies (793ms)
			LogAssemblyErrors (0ms)
			InitializePlatformSupportModulesInManaged (10ms)
			SetLoadedEditorAssemblies (5ms)
			BeforeProcessingInitializeOnLoad (258ms)
			ProcessInitializeOnLoadAttributes (433ms)
			ProcessInitializeOnLoadMethodAttributes (80ms)
			AfterProcessingInitializeOnLoad (5ms)
			EditorAssembliesLoaded (0ms)
		ExecutionOrderSort2 (0ms)
		AwakeInstancesAfterBackupRestoration (20ms)
Refreshing native plugins compatible for Editor in 0.78 ms, found 3 plugins.
Preloading 0 native plugins for Editor in 0.00 ms.
Unloading 16 Unused Serialized files (Serialized files now loaded: 0)
Unloading 6279 unused Assets / (4.3 MB). Loaded Objects now: 7106.
Memory consumption went from 151.4 MB to 147.2 MB.
Total: 8.048300 ms (FindLiveObjects: 0.524100 ms CreateObjectMapping: 0.464600 ms MarkObjects: 5.044600 ms  DeleteObjects: 2.013700 ms)

Prepare: number of updated asset objects reloaded= 0
========================================================================
Received Import Request.
  Time since last request: 9.136008 seconds.
  path: Assets/GabUnityUtility/Scripts/Manager_Base.cs
  artifactKey: Guid(ee0466dde9667cd4e93315548a903870) Importer(2089858483,b0f066a214c2f5e87bad3c948f4d605d)
Start importing Assets/GabUnityUtility/Scripts/Manager_Base.cs using Guid(ee0466dde9667cd4e93315548a903870) Importer(2089858483,b0f066a214c2f5e87bad3c948f4d605d) (ScriptedImporter) -> (artifact id: '4f5076c440802e5915ebe8bc5ba91403') in 0.1007163 seconds
Number of updated asset objects reloaded before import = 0Number of asset objects unloaded after import = 0

========================================================================
Received Import Request.
  Time since last request: 0.000016 seconds.
  path: Assets/GabUnityUtility/Scripts/UI/TextMeshProUGUISetter.cs
  artifactKey: Guid(317ffab1d813da24abe8dddec2d8fb04) Importer(2089858483,b0f066a214c2f5e87bad3c948f4d605d)
Start importing Assets/GabUnityUtility/Scripts/UI/TextMeshProUGUISetter.cs using Guid(317ffab1d813da24abe8dddec2d8fb04) Importer(2089858483,b0f066a214c2f5e87bad3c948f4d605d) (ScriptedImporter) -> (artifact id: 'a7a7658a57c44e503b7e29e86cec8672') in 0.0146268 seconds
Number of updated asset objects reloaded before import = 0Number of asset objects unloaded after import = 0

========================================================================
Received Import Request.
  Time since last request: 0.000029 seconds.
  path: Assets/GabUnityUtility/Scripts/ActionBroadcaster/ActionRequestManager.cs
  artifactKey: Guid(707b335501eddb04882095cf8581b8e9) Importer(2089858483,b0f066a214c2f5e87bad3c948f4d605d)
Start importing Assets/GabUnityUtility/Scripts/ActionBroadcaster/ActionRequestManager.cs using Guid(707b335501eddb04882095cf8581b8e9) Importer(2089858483,b0f066a214c2f5e87bad3c948f4d605d) (ScriptedImporter) -> (artifact id: '987c1f32f4a4c711522ee502921a0e46') in 0.0117978 seconds
Number of updated asset objects reloaded before import = 0Number of asset objects unloaded after import = 0

========================================================================
Received Import Request.
  Time since last request: 0.000015 seconds.
  path: Assets/GabUnityUtility/Scripts/Features/Proximity/UnitDetector.cs
  artifactKey: Guid(03210420566b453468f905f3e6cb7055) Importer(2089858483,b0f066a214c2f5e87bad3c948f4d605d)
Start importing Assets/GabUnityUtility/Scripts/Features/Proximity/UnitDetector.cs using Guid(03210420566b453468f905f3e6cb7055) Importer(2089858483,b0f066a214c2f5e87bad3c948f4d605d) (ScriptedImporter) -> (artifact id: '162ddf71edf5c465747452c28f1d91e0') in 0.0135455 seconds
Number of updated asset objects reloaded before import = 0Number of asset objects unloaded after import = 0

========================================================================
Received Import Request.
  Time since last request: 0.000016 seconds.
  path: Assets/GabUnityUtility/Scripts/Data/DictionaryAsset.cs
  artifactKey: Guid(f3a33c4b3d64f804195f9deac29a2587) Importer(2089858483,b0f066a214c2f5e87bad3c948f4d605d)
Start importing Assets/GabUnityUtility/Scripts/Data/DictionaryAsset.cs using Guid(f3a33c4b3d64f804195f9deac29a2587) Importer(2089858483,b0f066a214c2f5e87bad3c948f4d605d) (ScriptedImporter) -> (artifact id: '47319de191add55de78f86b9569b1039') in 0.0149092 seconds
Number of updated asset objects reloaded before import = 0Number of asset objects unloaded after import = 0

========================================================================
Received Import Request.
  Time since last request: 0.000015 seconds.
  path: Assets/GabUnityUtility/Scripts/Features/Status/IStatusGiver.cs
  artifactKey: Guid(4d21b006b8ab70548b64d29720b61680) Importer(2089858483,b0f066a214c2f5e87bad3c948f4d605d)
Start importing Assets/GabUnityUtility/Scripts/Features/Status/IStatusGiver.cs using Guid(4d21b006b8ab70548b64d29720b61680) Importer(2089858483,b0f066a214c2f5e87bad3c948f4d605d) (ScriptedImporter) -> (artifact id: '52ca14b2fffe879273b7d632177414b9') in 0.0132367 seconds
Number of updated asset objects reloaded before import = 0Number of asset objects unloaded after import = 0

========================================================================
Received Import Request.
  Time since last request: 0.000018 seconds.
  path: Assets/GabUnityUtility/Scripts/Features/Vfx
  artifactKey: Guid(b139e0ad894ae5149847dc015756b8fa) Importer(2089858483,b0f066a214c2f5e87bad3c948f4d605d)
Start importing Assets/GabUnityUtility/Scripts/Features/Vfx using Guid(b139e0ad894ae5149847dc015756b8fa) Importer(2089858483,b0f066a214c2f5e87bad3c948f4d605d) (ScriptedImporter) -> (artifact id: '37748fce2fac6f3127d4bb2eb89bdee0') in 0.0128986 seconds
Number of updated asset objects reloaded before import = 0Number of asset objects unloaded after import = 1

========================================================================
Received Import Request.
  Time since last request: 0.000021 seconds.
  path: Assets/GabUnityUtility/Scripts/Features/Rhythm/ComboCounter.cs
  artifactKey: Guid(f1c2dd73cd189564283c42d7f83eef59) Importer(2089858483,b0f066a214c2f5e87bad3c948f4d605d)
Start importing Assets/GabUnityUtility/Scripts/Features/Rhythm/ComboCounter.cs using Guid(f1c2dd73cd189564283c42d7f83eef59) Importer(2089858483,b0f066a214c2f5e87bad3c948f4d605d) (ScriptedImporter) -> (artifact id: 'd98199e83877a5a074e7e87e583b78ba') in 0.0124636 seconds
Number of updated asset objects reloaded before import = 0Number of asset objects unloaded after import = 0

========================================================================
Received Import Request.
  Time since last request: 0.000032 seconds.
  path: Assets/GabUnityUtility/Scripts/Data/SerializableDictionary.cs
  artifactKey: Guid(daca9be88f15c76459b0d8f698639b21) Importer(2089858483,b0f066a214c2f5e87bad3c948f4d605d)
Start importing Assets/GabUnityUtility/Scripts/Data/SerializableDictionary.cs using Guid(daca9be88f15c76459b0d8f698639b21) Importer(2089858483,b0f066a214c2f5e87bad3c948f4d605d) (ScriptedImporter) -> (artifact id: 'b0fb8abd5ce1576a8519c2a2ada35aab') in 0.0125245 seconds
Number of updated asset objects reloaded before import = 0Number of asset objects unloaded after import = 0

========================================================================
Received Import Request.
  Time since last request: 0.000013 seconds.
  path: Assets/GabUnityUtility/Vfx/VOiD1 Gaming - Forcefiled Shader Unity URP/Force Field Patterns/Force_Field_Pattern_Hexagon_Pattern.png
  artifactKey: Guid(15bd1a4c2ea603c45b888cf54a384d05) Importer(2089858483,b0f066a214c2f5e87bad3c948f4d605d)
Start importing Assets/GabUnityUtility/Vfx/VOiD1 Gaming - Forcefiled Shader Unity URP/Force Field Patterns/Force_Field_Pattern_Hexagon_Pattern.png using Guid(15bd1a4c2ea603c45b888cf54a384d05) Importer(2089858483,b0f066a214c2f5e87bad3c948f4d605d) (ScriptedImporter) -> (artifact id: 'f016ec3bd23ab4eb440107640d242396') in 0.0834389 seconds
Number of updated asset objects reloaded before import = 0Number of asset objects unloaded after import = 1

========================================================================
Received Import Request.
  Time since last request: 0.000018 seconds.
  path: Assets/GabUnityUtility/Scripts/Features/Projectile/ProjectileController.cs
  artifactKey: Guid(b0434b56f700e704a8c1621c3b0346e6) Importer(2089858483,b0f066a214c2f5e87bad3c948f4d605d)
Start importing Assets/GabUnityUtility/Scripts/Features/Projectile/ProjectileController.cs using Guid(b0434b56f700e704a8c1621c3b0346e6) Importer(2089858483,b0f066a214c2f5e87bad3c948f4d605d) (ScriptedImporter) -> (artifact id: 'e145a4fd740b8e0bc2305663143b1b4f') in 0.0143519 seconds
Number of updated asset objects reloaded before import = 0Number of asset objects unloaded after import = 0

========================================================================
Received Import Request.
  Time since last request: 0.000017 seconds.
  path: Assets/GabUnityUtility/Scripts/Features/Status/StatusMovable.cs
  artifactKey: Guid(91277a82dbfb02646a931e6adb863ffb) Importer(2089858483,b0f066a214c2f5e87bad3c948f4d605d)
Start importing Assets/GabUnityUtility/Scripts/Features/Status/StatusMovable.cs using Guid(91277a82dbfb02646a931e6adb863ffb) Importer(2089858483,b0f066a214c2f5e87bad3c948f4d605d) (ScriptedImporter) -> (artifact id: 'e0ccc799a1d8c885a0d63349acd2fe44') in 0.0144142 seconds
Number of updated asset objects reloaded before import = 0Number of asset objects unloaded after import = 0

========================================================================
Received Import Request.
  Time since last request: 0.000027 seconds.
  path: Assets/GabUnityUtility/Scripts/Features/Health/PlaySoundOnDie.cs
  artifactKey: Guid(e4788563cf2928e4e8332b6cbed82b40) Importer(2089858483,b0f066a214c2f5e87bad3c948f4d605d)
Start importing Assets/GabUnityUtility/Scripts/Features/Health/PlaySoundOnDie.cs using Guid(e4788563cf2928e4e8332b6cbed82b40) Importer(2089858483,b0f066a214c2f5e87bad3c948f4d605d) (ScriptedImporter) -> (artifact id: '52792086e901ff44003a73c6a3f94dcc') in 0.0128116 seconds
Number of updated asset objects reloaded before import = 0Number of asset objects unloaded after import = 0

========================================================================
Received Import Request.
  Time since last request: 0.000017 seconds.
  path: Assets/GabUnityUtility/Scripts/Input/PointerCatcher.cs
  artifactKey: Guid(185c76099d3d5f04fa6db8ae94653ba9) Importer(2089858483,b0f066a214c2f5e87bad3c948f4d605d)
Start importing Assets/GabUnityUtility/Scripts/Input/PointerCatcher.cs using Guid(185c76099d3d5f04fa6db8ae94653ba9) Importer(2089858483,b0f066a214c2f5e87bad3c948f4d605d) (ScriptedImporter) -> (artifact id: '13bc59f344a559f728d77905d122a163') in 0.0121867 seconds
Number of updated asset objects reloaded before import = 0Number of asset objects unloaded after import = 0

========================================================================
Received Import Request.
  Time since last request: 0.000019 seconds.
  path: Assets/TutorialInfo
  artifactKey: Guid(ba062aa6c92b140379dbc06b43dd3b9b) Importer(2089858483,b0f066a214c2f5e87bad3c948f4d605d)
Start importing Assets/TutorialInfo using Guid(ba062aa6c92b140379dbc06b43dd3b9b) Importer(2089858483,b0f066a214c2f5e87bad3c948f4d605d) (ScriptedImporter) -> (artifact id: '9aa18a81c389f03207ee36266f6af757') in 0.0115282 seconds
Number of updated asset objects reloaded before import = 0Number of asset objects unloaded after import = 1

========================================================================
Received Import Request.
  Time since last request: 0.000018 seconds.
  path: Assets/GabUnityUtility/Scripts/Features/Projectile/ProjectileDictionary.cs
  artifactKey: Guid(031d530bee1c0fe4c8345bf26cda3754) Importer(2089858483,b0f066a214c2f5e87bad3c948f4d605d)
Start importing Assets/GabUnityUtility/Scripts/Features/Projectile/ProjectileDictionary.cs using Guid(031d530bee1c0fe4c8345bf26cda3754) Importer(2089858483,b0f066a214c2f5e87bad3c948f4d605d) (ScriptedImporter) -> (artifact id: '90ced88477b08a137c941caab788c553') in 0.0142893 seconds
Number of updated asset objects reloaded before import = 0Number of asset objects unloaded after import = 0

========================================================================
Received Import Request.
  Time since last request: 0.000025 seconds.
  path: Assets/GabUnityUtility/Vfx/VOiD1 Gaming - Forcefiled Shader Unity URP/Force Field Patterns/Force_Field_Pattern_Truss_Pattern.png
  artifactKey: Guid(139ee9b690502104eba8f9890c875362) Importer(2089858483,b0f066a214c2f5e87bad3c948f4d605d)
Start importing Assets/GabUnityUtility/Vfx/VOiD1 Gaming - Forcefiled Shader Unity URP/Force Field Patterns/Force_Field_Pattern_Truss_Pattern.png using Guid(139ee9b690502104eba8f9890c875362) Importer(2089858483,b0f066a214c2f5e87bad3c948f4d605d) (ScriptedImporter) -> (artifact id: '6a9a179b26e6082b215d0f8ee74d8b99') in 0.0268209 seconds
Number of updated asset objects reloaded before import = 0Number of asset objects unloaded after import = 1

========================================================================
Received Import Request.
  Time since last request: 0.000016 seconds.
  path: Assets/GabUnityUtility/Scripts/Features/Movement/PositionTweener.cs
  artifactKey: Guid(54163aaea2d1eb94ab3b0cc51f3f038d) Importer(2089858483,b0f066a214c2f5e87bad3c948f4d605d)
Start importing Assets/GabUnityUtility/Scripts/Features/Movement/PositionTweener.cs using Guid(54163aaea2d1eb94ab3b0cc51f3f038d) Importer(2089858483,b0f066a214c2f5e87bad3c948f4d605d) (ScriptedImporter) -> (artifact id: '5c4705b9d6ba3c1727201d66abdcef4a') in 0.0125482 seconds
Number of updated asset objects reloaded before import = 0Number of asset objects unloaded after import = 0

========================================================================
Received Import Request.
  Time since last request: 0.000026 seconds.
  path: Assets/GabUnityUtility/Scripts/UI/CurrencyChangeText.cs
  artifactKey: Guid(e42ebf98df5c05543a1fb134550826d4) Importer(2089858483,b0f066a214c2f5e87bad3c948f4d605d)
Start importing Assets/GabUnityUtility/Scripts/UI/CurrencyChangeText.cs using Guid(e42ebf98df5c05543a1fb134550826d4) Importer(2089858483,b0f066a214c2f5e87bad3c948f4d605d) (ScriptedImporter) -> (artifact id: '018bec17bf4fd7b4885702f3613b17df') in 0.0147968 seconds
Number of updated asset objects reloaded before import = 0Number of asset objects unloaded after import = 0

========================================================================
Received Import Request.
  Time since last request: 0.000017 seconds.
  path: Assets/GabUnityUtility/Scripts/Features/Audio
  artifactKey: Guid(04ac9fa9e95efce4199f8c4d6bcf5ed2) Importer(2089858483,b0f066a214c2f5e87bad3c948f4d605d)
Start importing Assets/GabUnityUtility/Scripts/Features/Audio using Guid(04ac9fa9e95efce4199f8c4d6bcf5ed2) Importer(2089858483,b0f066a214c2f5e87bad3c948f4d605d) (ScriptedImporter) -> (artifact id: '15f72b26ccb254a7ccb5006e66f8c58c') in 0.0109465 seconds
Number of updated asset objects reloaded before import = 0Number of asset objects unloaded after import = 1

========================================================================
Received Import Request.
  Time since last request: 0.000019 seconds.
  path: Assets/GabUnityUtility/Scripts/Features/Vfx/Lines
  artifactKey: Guid(4db45d948e0767648b84e96bc3a2ca67) Importer(2089858483,b0f066a214c2f5e87bad3c948f4d605d)
Start importing Assets/GabUnityUtility/Scripts/Features/Vfx/Lines using Guid(4db45d948e0767648b84e96bc3a2ca67) Importer(2089858483,b0f066a214c2f5e87bad3c948f4d605d) (ScriptedImporter) -> (artifact id: '49b6c5cc39fb375e64a40d7a1942acd2') in 0.0117109 seconds
Number of updated asset objects reloaded before import = 0Number of asset objects unloaded after import = 1

========================================================================
Received Import Request.
  Time since last request: 0.000021 seconds.
  path: Assets/GabUnityUtility/Scripts/Features/Projectile
  artifactKey: Guid(ad79143656088f349997449f0c912cb4) Importer(2089858483,b0f066a214c2f5e87bad3c948f4d605d)
Start importing Assets/GabUnityUtility/Scripts/Features/Projectile using Guid(ad79143656088f349997449f0c912cb4) Importer(2089858483,b0f066a214c2f5e87bad3c948f4d605d) (ScriptedImporter) -> (artifact id: '730303c0376cb754d3e7ad38c1e2f756') in 0.0133435 seconds
Number of updated asset objects reloaded before import = 0Number of asset objects unloaded after import = 1

========================================================================
Received Import Request.
  Time since last request: 0.000015 seconds.
  path: Assets/GabUnityUtility/Scripts/UI/CurrencyText.cs
  artifactKey: Guid(7f77ac458edb80e47b2f2bb7473781e0) Importer(2089858483,b0f066a214c2f5e87bad3c948f4d605d)
Start importing Assets/GabUnityUtility/Scripts/UI/CurrencyText.cs using Guid(7f77ac458edb80e47b2f2bb7473781e0) Importer(2089858483,b0f066a214c2f5e87bad3c948f4d605d) (ScriptedImporter) -> (artifact id: 'e8089b5cf29ba3eccaaf1cb96f9d736a') in 0.0127565 seconds
Number of updated asset objects reloaded before import = 0Number of asset objects unloaded after import = 0

Editor requested this worker to shutdown with reason: Scaling down because of idle timeout
AssetImportWorker is now disconnected from the server
Process exiting
Exiting without the bug reporter. Application will terminate with return code 0