[Licensing::Module] Trying to connect to existing licensing client channel...
Built from '6000.3/staging' branch; Version is '6000.3.3f1 (ef04196de0d6) revision 15664153'; Using compiler version '194234433'; Build Type 'Release'
[Licensing::IpcConnector] Successfully connected to: "LicenseClient-PC" at "2026-01-30T15:14:39.3789466Z"
OS: 'Windows 11  (10.0.26100) 64bit Core' Language: 'en' Physical Memory: 16125 MB
BatchMode: 1, IsHumanControllingUs: 0, StartBugReporterOnCrash: 0, Is64bit: 1
Date: 2026-01-30T15:14:39Z

COMMAND LINE ARGUMENTS:
C:\Program Files\Unity\Hub\Editor\6000.3.3f1\Editor\Unity.exe
-adb2
-batchMode
-noUpm
-name
AssetImportWorker1
-projectPath
C:/repos/GGJ2026/GGJ2026
-logFile
Logs/AssetImportWorker1.log
-srvPort
62415
-job-worker-count
5
-background-job-worker-count
8
-gc-helper-count
1
-name
AssetImport
Successfully changed project path to: C:/repos/GGJ2026/GGJ2026
C:/repos/GGJ2026/GGJ2026
[UnityMemory] Configuration Parameters - Can be set up in boot.config
    "memorysetup-temp-allocator-size-nav-mesh-worker=65536"
    "memorysetup-temp-allocator-size-audio-worker=65536"
    "memorysetup-temp-allocator-size-gfx=262144"
    "memorysetup-allocator-temp-initial-block-size-main=262144"
    "memorysetup-allocator-temp-initial-block-size-worker=262144"
    "memorysetup-temp-allocator-size-background-worker=32768"
    "memorysetup-temp-allocator-size-job-worker=262144"
    "memorysetup-temp-allocator-size-preload-manager=33554432"
    "memorysetup-temp-allocator-size-gi-baking-worker=262144"
    "memorysetup-temp-allocator-size-gi-baking-worker=262144"
    "memorysetup-temp-allocator-size-gi-baking-worker=262144"
    "memorysetup-temp-allocator-size-gi-baking-worker=262144"
    "memorysetup-temp-allocator-size-gi-baking-worker=262144"
    "memorysetup-bucket-allocator-granularity=16"
    "memorysetup-bucket-allocator-bucket-count=8"
    "memorysetup-bucket-allocator-block-size=33554432"
    "memorysetup-bucket-allocator-block-count=8"
    "memorysetup-main-allocator-block-size=16777216"
    "memorysetup-thread-allocator-block-size=16777216"
    "memorysetup-gfx-main-allocator-block-size=16777216"
    "memorysetup-gfx-thread-allocator-block-size=16777216"
    "memorysetup-cache-allocator-block-size=4194304"
    "memorysetup-typetree-allocator-block-size=2097152"
    "memorysetup-profiler-bucket-allocator-granularity=16"
    "memorysetup-profiler-bucket-allocator-bucket-count=8"
    "memorysetup-profiler-bucket-allocator-block-size=33554432"
    "memorysetup-profiler-bucket-allocator-block-count=8"
    "memorysetup-profiler-allocator-block-size=16777216"
    "memorysetup-profiler-editor-allocator-block-size=1048576"
    "memorysetup-temp-allocator-size-main=16777216"
    "memorysetup-job-temp-allocator-block-size=2097152"
    "memorysetup-job-temp-allocator-block-size-background=1048576"
    "memorysetup-job-temp-allocator-reduction-small-platforms=262144"
    "memorysetup-temp-allocator-size-cloud-worker=32768"
Player connection [19588]  Target information:

Player connection [19588]  * "[IP] 26.106.143.127 [Port] 0 [Flags] 2 [Guid] 2766194127 [EditorId] 2766194127 [Version] 1048832 [Id] WindowsEditor(7,DESKTOP-CUTI0NB) [Debug] 1 [PackageName] WindowsEditor [ProjectName] Editor" 

Player connection [19588]  * "[IP] 10.30.8.113 [Port] 0 [Flags] 2 [Guid] 2766194127 [EditorId] 2766194127 [Version] 1048832 [Id] WindowsEditor(7,DESKTOP-CUTI0NB) [Debug] 1 [PackageName] WindowsEditor [ProjectName] Editor" 

Player connection [19588] Host joined multi-casting on [225.0.0.222:54997]...
Player connection [19588] Host joined alternative multi-casting on [225.0.0.222:34997]...
JobSystem: Creating JobQueue using job-worker-count value 5
Input System module state changed to: Initialized.
[Physics::Module] Initialized fallback backend.
[Physics::Module] Id: 0xdecafbad
Library Redirect Path: Library/
[Physics::Module] Selected backend.
[Physics::Module] Name: PhysX
[Physics::Module] Id: 0xf2b8ea05
[Physics::Module] SDK Version: 4.1.2
[Physics::Module] Integration Version: 1.0.0
[Physics::Module] Threading Mode: Multi-Threaded
Refreshing native plugins compatible for Editor in 10.34 ms, found 4 plugins.
Preloading 0 native plugins for Editor in 0.00 ms.
Initialize engine version: 6000.3.3f1 (ef04196de0d6)
[Subsystems] Discovering subsystems at path C:/Program Files/Unity/Hub/Editor/6000.3.3f1/Editor/Data/Resources/UnitySubsystems
[Subsystems] Discovering subsystems at path C:/repos/GGJ2026/GGJ2026/Assets
GfxDevice: creating device client; kGfxThreadingModeNonThreaded
Direct3D:
    Version:  Direct3D 11.0 [level 11.1]
    Renderer: NVIDIA GeForce GTX 1650 (ID=0x1f0a)
    Vendor:   NVIDIA
    VRAM:     3935 MB
    Driver:   32.0.15.8157
Initialize mono
Mono path[0] = 'C:/Program Files/Unity/Hub/Editor/6000.3.3f1/Editor/Data/Managed'
Mono path[1] = 'C:/Program Files/Unity/Hub/Editor/6000.3.3f1/Editor/Data/MonoBleedingEdge/lib/mono/unityjit-win32'
Mono config path = 'C:/Program Files/Unity/Hub/Editor/6000.3.3f1/Editor/Data/MonoBleedingEdge/etc'
Using monoOptions --debugger-agent=transport=dt_socket,embedding=1,server=y,suspend=n,address=127.0.0.1:56192
Begin MonoManager ReloadAssembly
Registering precompiled unity dll's ...
Register platform support module: C:/Program Files/Unity/Hub/Editor/6000.3.3f1/Editor/Data/PlaybackEngines/WebGLSupport/UnityEditor.WebGL.Extensions.dll
Register platform support module: C:/Program Files/Unity/Hub/Editor/6000.3.3f1/Editor/Data/PlaybackEngines/WindowsStandaloneSupport/UnityEditor.WindowsStandalone.Extensions.dll
[Licensing::Module] Licensing is not yet initialized.
[Licensing::Client] Error: HandshakeResponse reported an error:
	ResponseCode: 505
	ResponseStatus: Unsupported protocol version '1.17.4'.
[Licensing::Module] Error: Failed to handshake to channel: "LicenseClient-PC"
[Licensing::IpcConnector] LicenseClient-PC channel disconnected successfully.
[Licensing::IpcConnector] Successfully connected to: "LicenseClient-PC-6000.3.3" at "2026-01-30T15:14:41.8075278Z"
[Licensing::Client] Handshaking with LicensingClient:
  Version:                 1.17.4+4293ba1
  Session Id:              2a7dddecef304f8d9bb1321cd6787ba4
  Correlation Id:          a144e784f2a5ea36456c5e4b6c3588d2
  External correlation Id: 7574167095145365965
  Machine Id:              HDAllRFm983F7lSmkNyk3kVc0ZI=
[Licensing::Module] Successfully connected to LicensingClient on channel: "LicenseClient-PC-6000.3.3" (connect: 0.00s, validation: 0.00s, handshake: 2.19s)
[Licensing::IpcConnector] Successfully connected to: "LicenseClient-PC-6000.3.3-notifications" at "2026-01-30T15:14:44.0012646Z"
[Licensing::Module] Licensing Background thread has ended after 4.62s
[Licensing::Module] Licensing is initialized (took 3.47s).
[Licensing::Client] Successfully resolved entitlement details
[Licensing::Module] License group:
  Id: 18967509904522-UnityPersXXXX
  Product: Unity Personal
  Type: Assigned
  Expiration: Unlimited
Register platform support module: C:/Program Files/Unity/Hub/Editor/6000.3.3f1/Editor/Data/PlaybackEngines/MetroSupport/UnityEditor.UWP.Extensions.dll
[Licensing::Client] Successfully resolved entitlement details
Register platform support module: C:/Program Files/Unity/Hub/Editor/6000.3.3f1/Editor/Data/PlaybackEngines/AndroidPlayer/UnityEditor.Android.Extensions.dll
Registered in 3.481302 seconds.
- Loaded All Assemblies, in  4.031 seconds
Native extension for Android target not found
Android Extension - Scanning For ADB Devices 240 ms
Native extension for UWP target not found
Native extension for WindowsStandalone target not found
Native extension for WebGL target not found
Mono: successfully reloaded assembly
- Finished resetting the current domain, in  0.876 seconds
Domain Reload Profiling: 4905ms
	BeginReloadAssembly (233ms)
		ExecutionOrderSort (0ms)
		DisableScriptedObjects (0ms)
		BackupInstance (0ms)
		ReleaseScriptingObjects (0ms)
		CreateAndSetChildDomain (1ms)
	RebuildCommonClasses (38ms)
	RebuildNativeTypeToScriptingClass (13ms)
	initialDomainReloadingComplete (3534ms)
	LoadAllAssembliesAndSetupDomain (211ms)
		LoadAssemblies (230ms)
		RebuildTransferFunctionScriptingTraits (0ms)
		AnalyzeDomain (206ms)
			TypeCache.Refresh (205ms)
				TypeCache.ScanAssembly (187ms)
			BuildScriptInfoCaches (0ms)
			ResolveRequiredComponents (0ms)
	FinalizeReload (876ms)
		ReleaseScriptCaches (0ms)
		RebuildScriptCaches (0ms)
		SetupLoadedEditorAssemblies (826ms)
			LogAssemblyErrors (0ms)
			InitializePlatformSupportModulesInManaged (343ms)
			SetLoadedEditorAssemblies (5ms)
			BeforeProcessingInitializeOnLoad (107ms)
			ProcessInitializeOnLoadAttributes (219ms)
			ProcessInitializeOnLoadMethodAttributes (152ms)
			AfterProcessingInitializeOnLoad (0ms)
			EditorAssembliesLoaded (0ms)
		ExecutionOrderSort2 (0ms)
		AwakeInstancesAfterBackupRestoration (0ms)
========================================================================
Worker process is ready to serve import requests
Import Worker Mode flag is 0x00
Begin MonoManager ReloadAssembly
[Licensing::Client] Successfully resolved entitlement details
Asset path could not be found for script compilation file '/Assets/Library/RealtimeCSG/Plugins/API/Components/Runtime/CSGBrush.cs'
Asset path could not be found for script compilation file '/Assets/Library/RealtimeCSG/Plugins/API/Components/Runtime/CSGModel.cs'
Asset path could not be found for script compilation file '/Assets/Library/RealtimeCSG/Plugins/API/Components/Runtime/CSGNode.cs'
Asset path could not be found for script compilation file '/Assets/Library/RealtimeCSG/Plugins/API/Components/Runtime/CSGOperation.cs'
Asset path could not be found for script compilation file '/Assets/Library/RealtimeCSG/Plugins/API/Components/Runtime/Utility/ChildNodeData.cs'
Asset path could not be found for script compilation file '/Assets/Library/RealtimeCSG/Plugins/API/Components/Runtime/Utility/CompareShape.cs'
Asset path could not be found for script compilation file '/Assets/Library/RealtimeCSG/Plugins/API/Components/Runtime/Utility/CompareTransformation.cs'
Asset path could not be found for script compilation file '/Assets/Library/RealtimeCSG/Plugins/API/Components/Runtime/Utility/ComponentUpgrader.cs'
Asset path could not be found for script compilation file '/Assets/Library/RealtimeCSG/Plugins/API/Components/Runtime/Utility/GeometryWireframe.cs'
Asset path could not be found for script compilation file '/Assets/Library/RealtimeCSG/Plugins/API/Components/Runtime/Utility/HierarchyItem.cs'
Asset path could not be found for script compilation file '/Assets/Library/RealtimeCSG/Plugins/API/Components/Runtime/Utility/ParentNodeData.cs'
Asset path could not be found for script compilation file '/Assets/Library/RealtimeCSG/Plugins/API/Foundation/Editor/BrushMesh.cs'
Asset path could not be found for script compilation file '/Assets/Library/RealtimeCSG/Plugins/API/Foundation/Editor/BrushMeshInstance.cs'
Asset path could not be found for script compilation file '/Assets/Library/RealtimeCSG/Plugins/API/Foundation/Editor/BrushMeshUtility.cs'
Asset path could not be found for script compilation file '/Assets/Library/RealtimeCSG/Plugins/API/Foundation/Editor/BrushValidation.cs'
Asset path could not be found for script compilation file '/Assets/Library/RealtimeCSG/Plugins/API/Foundation/Editor/CSGManager.cs'
Asset path could not be found for script compilation file '/Assets/Library/RealtimeCSG/Plugins/API/Foundation/Editor/CSGTree.cs'
Asset path could not be found for script compilation file '/Assets/Library/RealtimeCSG/Plugins/API/Foundation/Editor/CSGTreeBranch.cs'
Asset path could not be found for script compilation file '/Assets/Library/RealtimeCSG/Plugins/API/Foundation/Editor/CSGTreeBrush.cs'
Asset path could not be found for script compilation file '/Assets/Library/RealtimeCSG/Plugins/API/Foundation/Editor/CSGTreeNode.cs'
Asset path could not be found for script compilation file '/Assets/Library/RealtimeCSG/Plugins/API/Foundation/Editor/Native/BrushMeshInstance.Native.cs'
Asset path could not be found for script compilation file '/Assets/Library/RealtimeCSG/Plugins/API/Foundation/Editor/Native/CSGManager.Native.cs'
Asset path could not be found for script compilation file '/Assets/Library/RealtimeCSG/Plugins/API/Foundation/Editor/Native/CSGTree.Native.cs'
Asset path could not be found for script compilation file '/Assets/Library/RealtimeCSG/Plugins/API/Foundation/Editor/Native/CSGTreeBranch.Native.cs'
Asset path could not be found for script compilation file '/Assets/Library/RealtimeCSG/Plugins/API/Foundation/Editor/Native/CSGTreeBrush.Native.cs'
Asset path could not be found for script compilation file '/Assets/Library/RealtimeCSG/Plugins/API/Foundation/Editor/Native/CSGTreeNode.Native.cs'
Asset path could not be found for script compilation file '/Assets/Library/RealtimeCSG/Plugins/API/Foundation/Editor/Version.cs'
Asset path could not be found for script compilation file '/Assets/Library/RealtimeCSG/Plugins/API/Foundation/Runtime/GeneratedMeshContents.cs'
Asset path could not be found for script compilation file '/Assets/Library/RealtimeCSG/Plugins/API/Foundation/Runtime/GeneratedMeshDescription.cs'
Asset path could not be found for script compilation file '/Assets/Library/RealtimeCSG/Plugins/API/Foundation/Runtime/MeshQuery.cs'
Asset path could not be found for script compilation file '/Assets/Library/RealtimeCSG/Plugins/API/Foundation/Runtime/SurfaceLayers.cs'
Asset path could not be found for script compilation file '/Assets/Library/RealtimeCSG/Plugins/API/Legacy/Editor/BrushFactory.cs'
Asset path could not be found for script compilation file '/Assets/Library/RealtimeCSG/Plugins/API/Legacy/Editor/BrushFactory.Legacy.cs'
Asset path could not be found for script compilation file '/Assets/Library/RealtimeCSG/Plugins/API/Legacy/Runtime/ControlMesh.cs'
Asset path could not be found for script compilation file '/Assets/Library/RealtimeCSG/Plugins/API/Legacy/Runtime/CSGPlane.cs'
Asset path could not be found for script compilation file '/Assets/Library/RealtimeCSG/Plugins/API/Legacy/Runtime/Shape.cs'
Asset path could not be found for script compilation file '/Assets/Library/RealtimeCSG/Plugins/API/Legacy/Runtime/Surface.cs'
Asset path could not be found for script compilation file '/Assets/Library/RealtimeCSG/Plugins/API/Legacy/Runtime/TexGen.cs'
Asset path could not be found for script compilation file '/Assets/Scripts/ConvertToCSG.cs'
Asset path could not be found for script compilation file '/Assets/Scripts/CSGModelUtility.cs'
- Loaded All Assemblies, in  1.053 seconds
Refreshing native plugins compatible for Editor in 1.39 ms, found 4 plugins.
Native extension for Android target not found
Native extension for UWP target not found
Native extension for WindowsStandalone target not found
Native extension for WebGL target not found
Package Manager log level set to [2]
[Package Manager] Failed to launch server process. Reason: Unity was launched with the -noUpm command-line argument
[Package Manager] Unable to send message (not connected to server process).
[Package Manager] Cannot connect to Unity Package Manager local server
Mono: successfully reloaded assembly
- Finished resetting the current domain, in  1.183 seconds
Domain Reload Profiling: 2232ms
	BeginReloadAssembly (210ms)
		ExecutionOrderSort (0ms)
		DisableScriptedObjects (7ms)
		BackupInstance (0ms)
		ReleaseScriptingObjects (0ms)
		CreateAndSetChildDomain (31ms)
	RebuildCommonClasses (39ms)
	RebuildNativeTypeToScriptingClass (15ms)
	initialDomainReloadingComplete (43ms)
	LoadAllAssembliesAndSetupDomain (742ms)
		LoadAssemblies (608ms)
		RebuildTransferFunctionScriptingTraits (0ms)
		AnalyzeDomain (260ms)
			TypeCache.Refresh (195ms)
				TypeCache.ScanAssembly (175ms)
			BuildScriptInfoCaches (49ms)
			ResolveRequiredComponents (12ms)
	FinalizeReload (1183ms)
		ReleaseScriptCaches (0ms)
		RebuildScriptCaches (0ms)
		SetupLoadedEditorAssemblies (828ms)
			LogAssemblyErrors (0ms)
			InitializePlatformSupportModulesInManaged (12ms)
			SetLoadedEditorAssemblies (5ms)
			BeforeProcessingInitializeOnLoad (257ms)
			ProcessInitializeOnLoadAttributes (470ms)
			ProcessInitializeOnLoadMethodAttributes (78ms)
			AfterProcessingInitializeOnLoad (6ms)
			EditorAssembliesLoaded (0ms)
		ExecutionOrderSort2 (0ms)
		AwakeInstancesAfterBackupRestoration (7ms)
Launched and connected shader compiler UnityShaderCompiler.exe after 0.03 seconds
Refreshing native plugins compatible for Editor in 1.82 ms, found 4 plugins.
Preloading 0 native plugins for Editor in 0.00 ms.
Unloading 16 Unused Serialized files (Serialized files now loaded: 0)
Unloading 6467 unused Assets / (5.2 MB). Loaded Objects now: 7283.
Memory consumption went from 146.1 MB to 140.9 MB.
Total: 11.970400 ms (FindLiveObjects: 1.949800 ms CreateObjectMapping: 0.753900 ms MarkObjects: 6.272900 ms  DeleteObjects: 2.992300 ms)

========================================================================
Received Prepare
Refreshing native plugins compatible for Editor in 1.20 ms, found 4 plugins.
Preloading 0 native plugins for Editor in 0.00 ms.
Unloading 17 Unused Serialized files (Serialized files now loaded: 0)
Unloading 6467 unused Assets / (5.7 MB). Loaded Objects now: 7293.
Memory consumption went from 144.7 MB to 139.0 MB.
Total: 8.108200 ms (FindLiveObjects: 0.565200 ms CreateObjectMapping: 0.513500 ms MarkObjects: 4.300300 ms  DeleteObjects: 2.728200 ms)

Prepare: number of updated asset objects reloaded= 0
========================================================================
Received Import Request.
  Time since last request: 2493.538690 seconds.
  path: Assets/Library/co.parabox.csg/CSG/Classes/VertexAttributes.cs
  artifactKey: Guid(aeb5ab6e99f0072c9b6d179703243558) Importer(2089858483,b0f066a214c2f5e87bad3c948f4d605d)
Start importing Assets/Library/co.parabox.csg/CSG/Classes/VertexAttributes.cs using Guid(aeb5ab6e99f0072c9b6d179703243558) Importer(2089858483,b0f066a214c2f5e87bad3c948f4d605d) (ScriptedImporter) -> (artifact id: 'bf24527642166bb7f8a3f082e3370630') in 0.1566158 seconds
Number of updated asset objects reloaded before import = 0Number of asset objects unloaded after import = 0

========================================================================
Received Import Request.
  Time since last request: 0.000026 seconds.
  path: Assets/Library/co.parabox.csg/CSG/Classes/VertexUtility.cs
  artifactKey: Guid(b7c3201b501ec43fb812b740631a62b1) Importer(2089858483,b0f066a214c2f5e87bad3c948f4d605d)
Start importing Assets/Library/co.parabox.csg/CSG/Classes/VertexUtility.cs using Guid(b7c3201b501ec43fb812b740631a62b1) Importer(2089858483,b0f066a214c2f5e87bad3c948f4d605d) (ScriptedImporter) -> (artifact id: 'b8729415eb85dea9e2c7f6e663854fa7') in 0.0173197 seconds
Number of updated asset objects reloaded before import = 0Number of asset objects unloaded after import = 0

========================================================================
Received Import Request.
  Time since last request: 0.000030 seconds.
  path: Assets/Library/co.parabox.csg/Samples/Demo Assets/Scripts/CameraControls.cs
  artifactKey: Guid(11ce85d160a6b3047bca4f61c331061f) Importer(2089858483,b0f066a214c2f5e87bad3c948f4d605d)
Start importing Assets/Library/co.parabox.csg/Samples/Demo Assets/Scripts/CameraControls.cs using Guid(11ce85d160a6b3047bca4f61c331061f) Importer(2089858483,b0f066a214c2f5e87bad3c948f4d605d) (ScriptedImporter) -> (artifact id: '6c42525c2e2fc4dd65348a5ecb71b60e') in 0.014771 seconds
Number of updated asset objects reloaded before import = 0Number of asset objects unloaded after import = 0

========================================================================
Received Import Request.
  Time since last request: 0.000018 seconds.
  path: Assets/Library/co.parabox.csg/Samples/Demo Assets/Scripts
  artifactKey: Guid(37695177bfe52c74d9442e790dafc7f2) Importer(2089858483,b0f066a214c2f5e87bad3c948f4d605d)
Start importing Assets/Library/co.parabox.csg/Samples/Demo Assets/Scripts using Guid(37695177bfe52c74d9442e790dafc7f2) Importer(2089858483,b0f066a214c2f5e87bad3c948f4d605d) (ScriptedImporter) -> (artifact id: '5727a81e075d72e5ffc0f27b15424808') in 0.0171784 seconds
Number of updated asset objects reloaded before import = 0Number of asset objects unloaded after import = 1

========================================================================
Received Import Request.
  Time since last request: 0.000020 seconds.
  path: Assets/Library/co.parabox.csg/Samples/Demo Assets/Material
  artifactKey: Guid(474945f6bd1a41243ad1ed59121b8143) Importer(2089858483,b0f066a214c2f5e87bad3c948f4d605d)
Start importing Assets/Library/co.parabox.csg/Samples/Demo Assets/Material using Guid(474945f6bd1a41243ad1ed59121b8143) Importer(2089858483,b0f066a214c2f5e87bad3c948f4d605d) (ScriptedImporter) -> (artifact id: 'e2def5e96b992b497d6b8a78ba2876bd') in 0.0151534 seconds
Number of updated asset objects reloaded before import = 0Number of asset objects unloaded after import = 1

========================================================================
Received Import Request.
  Time since last request: 0.000019 seconds.
  path: Assets/Library/co.parabox.csg/Samples/Demo Assets/Material/Wireframe.mat
  artifactKey: Guid(7249d5446da713e4b96ce4bec901ddc4) Importer(2089858483,b0f066a214c2f5e87bad3c948f4d605d)
Start importing Assets/Library/co.parabox.csg/Samples/Demo Assets/Material/Wireframe.mat using Guid(7249d5446da713e4b96ce4bec901ddc4) Importer(2089858483,b0f066a214c2f5e87bad3c948f4d605d) (ScriptedImporter) -> (artifact id: '9e653a26bf06b8774ab99ed32fd4cd59') in 0.0716812 seconds
Number of updated asset objects reloaded before import = 0Number of asset objects unloaded after import = 3

========================================================================
Received Import Request.
  Time since last request: 0.000025 seconds.
  path: Assets/Library/co.parabox.csg/CSG
  artifactKey: Guid(a5e1dab54d4abd14e9b28d0dac32baa9) Importer(2089858483,b0f066a214c2f5e87bad3c948f4d605d)
Start importing Assets/Library/co.parabox.csg/CSG using Guid(a5e1dab54d4abd14e9b28d0dac32baa9) Importer(2089858483,b0f066a214c2f5e87bad3c948f4d605d) (ScriptedImporter) -> (artifact id: '95ab2cadd6cca7c883fa05815c5d3abf') in 0.0152223 seconds
Number of updated asset objects reloaded before import = 0Number of asset objects unloaded after import = 1

========================================================================
Received Import Request.
  Time since last request: 0.000055 seconds.
  path: Assets/Library/co.parabox.csg/CSG/Classes/Node.cs
  artifactKey: Guid(2d922dfe4019fb7789e22f45bb24fa62) Importer(2089858483,b0f066a214c2f5e87bad3c948f4d605d)
Start importing Assets/Library/co.parabox.csg/CSG/Classes/Node.cs using Guid(2d922dfe4019fb7789e22f45bb24fa62) Importer(2089858483,b0f066a214c2f5e87bad3c948f4d605d) (ScriptedImporter) -> (artifact id: '9da110deaac0d5f00f0d855875b7fba6') in 0.0176328 seconds
Number of updated asset objects reloaded before import = 0Number of asset objects unloaded after import = 0

========================================================================
Received Import Request.
  Time since last request: 0.000021 seconds.
  path: Assets/Library/co.parabox.csg/Samples
  artifactKey: Guid(eea8a65ec866d4b1081de13c3291c170) Importer(2089858483,b0f066a214c2f5e87bad3c948f4d605d)
Start importing Assets/Library/co.parabox.csg/Samples using Guid(eea8a65ec866d4b1081de13c3291c170) Importer(2089858483,b0f066a214c2f5e87bad3c948f4d605d) (ScriptedImporter) -> (artifact id: 'dc01bb013db3a65d088f32c1571f7c48') in 0.0200577 seconds
Number of updated asset objects reloaded before import = 0Number of asset objects unloaded after import = 1

========================================================================
Received Import Request.
  Time since last request: 0.000019 seconds.
  path: Assets/Library/co.parabox.csg/Samples/Demo Assets/Shader/Wireframe.shader
  artifactKey: Guid(4928d9c2b4bef734cb5730d88a2580e6) Importer(2089858483,b0f066a214c2f5e87bad3c948f4d605d)
Start importing Assets/Library/co.parabox.csg/Samples/Demo Assets/Shader/Wireframe.shader using Guid(4928d9c2b4bef734cb5730d88a2580e6) Importer(2089858483,b0f066a214c2f5e87bad3c948f4d605d) (ScriptedImporter) -> (artifact id: '5abd06e589edb0b03a76d48a09d69e4d') in 0.0335441 seconds
Number of updated asset objects reloaded before import = 0Number of asset objects unloaded after import = 1

========================================================================
Received Import Request.
  Time since last request: 0.000020 seconds.
  path: Assets/Library/co.parabox.csg/Samples/Demo Scene.unity
  artifactKey: Guid(af2face7836395041aae66ace0b0c4bb) Importer(2089858483,b0f066a214c2f5e87bad3c948f4d605d)
Start importing Assets/Library/co.parabox.csg/Samples/Demo Scene.unity using Guid(af2face7836395041aae66ace0b0c4bb) Importer(2089858483,b0f066a214c2f5e87bad3c948f4d605d) (ScriptedImporter) -> (artifact id: 'de6ac69bf76d5899c8cf3beae2274604') in 0.0186893 seconds
Number of updated asset objects reloaded before import = 0Number of asset objects unloaded after import = 1

========================================================================
Received Import Request.
  Time since last request: 0.000034 seconds.
  path: Assets/Library/co.parabox.csg
  artifactKey: Guid(c8c433937af6b464eaec33c9a01c69e6) Importer(2089858483,b0f066a214c2f5e87bad3c948f4d605d)
Start importing Assets/Library/co.parabox.csg using Guid(c8c433937af6b464eaec33c9a01c69e6) Importer(2089858483,b0f066a214c2f5e87bad3c948f4d605d) (ScriptedImporter) -> (artifact id: '54a024212c37fc309960d3a7eb2d485c') in 0.017087 seconds
Number of updated asset objects reloaded before import = 0Number of asset objects unloaded after import = 1

========================================================================
Received Import Request.
  Time since last request: 0.000031 seconds.
  path: Assets/Library/co.parabox.csg/CSG/Classes/Model.cs
  artifactKey: Guid(cc6aa3f6c70b67d24bf77989479e4655) Importer(2089858483,b0f066a214c2f5e87bad3c948f4d605d)
Start importing Assets/Library/co.parabox.csg/CSG/Classes/Model.cs using Guid(cc6aa3f6c70b67d24bf77989479e4655) Importer(2089858483,b0f066a214c2f5e87bad3c948f4d605d) (ScriptedImporter) -> (artifact id: '1f076d67a120267413d9206b3c7973b4') in 0.0171377 seconds
Number of updated asset objects reloaded before import = 0Number of asset objects unloaded after import = 0

========================================================================
Received Import Request.
  Time since last request: 0.000023 seconds.
  path: Assets/Library/co.parabox.csg/Samples/Demo Assets
  artifactKey: Guid(139a9fca8e9f4b6429296d3fc1e0a749) Importer(2089858483,b0f066a214c2f5e87bad3c948f4d605d)
Start importing Assets/Library/co.parabox.csg/Samples/Demo Assets using Guid(139a9fca8e9f4b6429296d3fc1e0a749) Importer(2089858483,b0f066a214c2f5e87bad3c948f4d605d) (ScriptedImporter) -> (artifact id: '4238b8e1e12b2aa25e1b12c47f2db93c') in 0.0193719 seconds
Number of updated asset objects reloaded before import = 0Number of asset objects unloaded after import = 1

========================================================================
Received Import Request.
  Time since last request: 0.000017 seconds.
  path: Assets/Library/co.parabox.csg/Samples/Demo Assets/Prefabs/SphereInCube.prefab
  artifactKey: Guid(68212dad33f3b5a4897a979f72745eb7) Importer(2089858483,b0f066a214c2f5e87bad3c948f4d605d)
Start importing Assets/Library/co.parabox.csg/Samples/Demo Assets/Prefabs/SphereInCube.prefab using Guid(68212dad33f3b5a4897a979f72745eb7) Importer(2089858483,b0f066a214c2f5e87bad3c948f4d605d) (ScriptedImporter) -> (artifact id: '80e21ef177fbc6b3107d5255d887a43a') in 0.0339022 seconds
Number of updated asset objects reloaded before import = 0Number of asset objects unloaded after import = 14

========================================================================
Received Import Request.
  Time since last request: 0.000032 seconds.
  path: Assets/Library/co.parabox.csg/Samples/Demo Assets/Shader
  artifactKey: Guid(da8095fe2c4772a4b85c7f77318a5b96) Importer(2089858483,b0f066a214c2f5e87bad3c948f4d605d)
Start importing Assets/Library/co.parabox.csg/Samples/Demo Assets/Shader using Guid(da8095fe2c4772a4b85c7f77318a5b96) Importer(2089858483,b0f066a214c2f5e87bad3c948f4d605d) (ScriptedImporter) -> (artifact id: '7d5ea79a0543d237531af2328ee0dbc5') in 0.0151303 seconds
Number of updated asset objects reloaded before import = 0Number of asset objects unloaded after import = 1

